[12-Nov-2024 10:50:41 UTC] PHP Deprecated:  Using ${var} in strings is deprecated, use {$var} instead in C:\xampp\htdocs\WEB-XPEED-BE\wp-content\plugins\mailpoet\lib\Util\Notices\DatabaseEngineNotice.php on line 100
[12-Nov-2024 10:50:42 UTC] PHP Deprecated:  Optional parameter $after declared before required parameter $length is implicitly treated as a required parameter in C:\xampp\htdocs\WEB-XPEED-BE\wp-content\themes\xpeed\includes\theme_functions_helper.php on line 44
[12-Nov-2024 10:50:43 UTC] PHP Deprecated:  Using ${var} in strings is deprecated, use {$var} instead in C:\xampp\htdocs\WEB-XPEED-BE\wp-content\plugins\mailpoet\lib\Util\Notices\DatabaseEngineNotice.php on line 100
[12-Nov-2024 10:50:44 UTC] PHP Deprecated:  Optional parameter $after declared before required parameter $length is implicitly treated as a required parameter in C:\xampp\htdocs\WEB-XPEED-BE\wp-content\themes\xpeed\includes\theme_functions_helper.php on line 44
[12-Nov-2024 10:50:46 UTC] PHP Deprecated:  Using ${var} in strings is deprecated, use {$var} instead in C:\xampp\htdocs\WEB-XPEED-BE\wp-content\plugins\mailpoet\lib\Util\Notices\DatabaseEngineNotice.php on line 100
[12-Nov-2024 10:50:46 UTC] PHP Deprecated:  Using ${var} in strings is deprecated, use {$var} instead in C:\xampp\htdocs\WEB-XPEED-BE\wp-content\plugins\mailpoet\lib\Util\Notices\DatabaseEngineNotice.php on line 100
[12-Nov-2024 10:50:46 UTC] PHP Deprecated:  Using ${var} in strings is deprecated, use {$var} instead in C:\xampp\htdocs\WEB-XPEED-BE\wp-content\plugins\mailpoet\lib\Util\Notices\DatabaseEngineNotice.php on line 100
[12-Nov-2024 10:50:46 UTC] PHP Deprecated:  Using ${var} in strings is deprecated, use {$var} instead in C:\xampp\htdocs\WEB-XPEED-BE\wp-content\plugins\mailpoet\lib\Util\Notices\DatabaseEngineNotice.php on line 100
[12-Nov-2024 10:50:46 UTC] PHP Deprecated:  Using ${var} in strings is deprecated, use {$var} instead in C:\xampp\htdocs\WEB-XPEED-BE\wp-content\plugins\mailpoet\lib\Util\Notices\DatabaseEngineNotice.php on line 100
[12-Nov-2024 10:50:46 UTC] PHP Deprecated:  Optional parameter $after declared before required parameter $length is implicitly treated as a required parameter in C:\xampp\htdocs\WEB-XPEED-BE\wp-content\themes\xpeed\includes\theme_functions_helper.php on line 44
[12-Nov-2024 10:50:46 UTC] PHP Deprecated:  Optional parameter $after declared before required parameter $length is implicitly treated as a required parameter in C:\xampp\htdocs\WEB-XPEED-BE\wp-content\themes\xpeed\includes\theme_functions_helper.php on line 44
[12-Nov-2024 10:50:46 UTC] PHP Deprecated:  Optional parameter $after declared before required parameter $length is implicitly treated as a required parameter in C:\xampp\htdocs\WEB-XPEED-BE\wp-content\themes\xpeed\includes\theme_functions_helper.php on line 44
[12-Nov-2024 10:50:47 UTC] PHP Deprecated:  Using ${var} in strings is deprecated, use {$var} instead in C:\xampp\htdocs\WEB-XPEED-BE\wp-content\plugins\mailpoet\lib\Util\Notices\DatabaseEngineNotice.php on line 100
[12-Nov-2024 10:50:47 UTC] PHP Deprecated:  Optional parameter $after declared before required parameter $length is implicitly treated as a required parameter in C:\xampp\htdocs\WEB-XPEED-BE\wp-content\themes\xpeed\includes\theme_functions_helper.php on line 44
[12-Nov-2024 10:50:47 UTC] PHP Deprecated:  Optional parameter $after declared before required parameter $length is implicitly treated as a required parameter in C:\xampp\htdocs\WEB-XPEED-BE\wp-content\themes\xpeed\includes\theme_functions_helper.php on line 44
[12-Nov-2024 10:50:47 UTC] PHP Deprecated:  Optional parameter $after declared before required parameter $length is implicitly treated as a required parameter in C:\xampp\htdocs\WEB-XPEED-BE\wp-content\themes\xpeed\includes\theme_functions_helper.php on line 44
[12-Nov-2024 10:50:48 UTC] PHP Deprecated:  Using ${var} in strings is deprecated, use {$var} instead in C:\xampp\htdocs\WEB-XPEED-BE\wp-content\plugins\mailpoet\lib\Util\Notices\DatabaseEngineNotice.php on line 100
[12-Nov-2024 10:50:48 UTC] PHP Deprecated:  Using ${var} in strings is deprecated, use {$var} instead in C:\xampp\htdocs\WEB-XPEED-BE\wp-content\plugins\mailpoet\lib\Util\Notices\DatabaseEngineNotice.php on line 100
[12-Nov-2024 10:50:49 UTC] PHP Deprecated:  Using ${var} in strings is deprecated, use {$var} instead in C:\xampp\htdocs\WEB-XPEED-BE\wp-content\plugins\mailpoet\lib\Util\Notices\DatabaseEngineNotice.php on line 100
[12-Nov-2024 10:50:49 UTC] PHP Deprecated:  Optional parameter $after declared before required parameter $length is implicitly treated as a required parameter in C:\xampp\htdocs\WEB-XPEED-BE\wp-content\themes\xpeed\includes\theme_functions_helper.php on line 44
[12-Nov-2024 10:50:49 UTC] PHP Deprecated:  Optional parameter $after declared before required parameter $length is implicitly treated as a required parameter in C:\xampp\htdocs\WEB-XPEED-BE\wp-content\themes\xpeed\includes\theme_functions_helper.php on line 44
[12-Nov-2024 10:50:49 UTC] PHP Deprecated:  Optional parameter $after declared before required parameter $length is implicitly treated as a required parameter in C:\xampp\htdocs\WEB-XPEED-BE\wp-content\themes\xpeed\includes\theme_functions_helper.php on line 44
[12-Nov-2024 10:50:51 UTC] PHP Deprecated:  Using ${var} in strings is deprecated, use {$var} instead in C:\xampp\htdocs\WEB-XPEED-BE\wp-content\plugins\mailpoet\lib\Util\Notices\DatabaseEngineNotice.php on line 100
[12-Nov-2024 10:50:52 UTC] PHP Deprecated:  Optional parameter $after declared before required parameter $length is implicitly treated as a required parameter in C:\xampp\htdocs\WEB-XPEED-BE\wp-content\themes\xpeed\includes\theme_functions_helper.php on line 44
[12-Nov-2024 10:50:53 UTC] PHP Deprecated:  Using ${var} in strings is deprecated, use {$var} instead in C:\xampp\htdocs\WEB-XPEED-BE\wp-content\plugins\mailpoet\lib\Util\Notices\DatabaseEngineNotice.php on line 100
[12-Nov-2024 10:50:54 UTC] PHP Deprecated:  Optional parameter $after declared before required parameter $length is implicitly treated as a required parameter in C:\xampp\htdocs\WEB-XPEED-BE\wp-content\themes\xpeed\includes\theme_functions_helper.php on line 44
[12-Nov-2024 10:52:07 UTC] PHP Deprecated:  Using ${var} in strings is deprecated, use {$var} instead in C:\xampp\htdocs\WEB-XPEED-BE\wp-content\plugins\mailpoet\lib\Util\Notices\DatabaseEngineNotice.php on line 100
[12-Nov-2024 10:52:08 UTC] PHP Deprecated:  Optional parameter $after declared before required parameter $length is implicitly treated as a required parameter in C:\xampp\htdocs\WEB-XPEED-BE\wp-content\themes\xpeed\includes\theme_functions_helper.php on line 44
[12-Nov-2024 10:52:09 UTC] PHP Deprecated:  Using ${var} in strings is deprecated, use {$var} instead in C:\xampp\htdocs\WEB-XPEED-BE\wp-content\plugins\mailpoet\lib\Util\Notices\DatabaseEngineNotice.php on line 100
[12-Nov-2024 10:52:10 UTC] PHP Deprecated:  Optional parameter $after declared before required parameter $length is implicitly treated as a required parameter in C:\xampp\htdocs\WEB-XPEED-BE\wp-content\themes\xpeed\includes\theme_functions_helper.php on line 44
[12-Nov-2024 10:52:11 UTC] PHP Deprecated:  Using ${var} in strings is deprecated, use {$var} instead in C:\xampp\htdocs\WEB-XPEED-BE\wp-content\plugins\mailpoet\lib\Util\Notices\DatabaseEngineNotice.php on line 100
[12-Nov-2024 10:52:12 UTC] PHP Deprecated:  Using ${var} in strings is deprecated, use {$var} instead in C:\xampp\htdocs\WEB-XPEED-BE\wp-content\plugins\mailpoet\lib\Util\Notices\DatabaseEngineNotice.php on line 100
[12-Nov-2024 10:52:12 UTC] PHP Deprecated:  Using ${var} in strings is deprecated, use {$var} instead in C:\xampp\htdocs\WEB-XPEED-BE\wp-content\plugins\mailpoet\lib\Util\Notices\DatabaseEngineNotice.php on line 100
[12-Nov-2024 10:52:12 UTC] PHP Deprecated:  Using ${var} in strings is deprecated, use {$var} instead in C:\xampp\htdocs\WEB-XPEED-BE\wp-content\plugins\mailpoet\lib\Util\Notices\DatabaseEngineNotice.php on line 100
[12-Nov-2024 10:52:12 UTC] PHP Deprecated:  Using ${var} in strings is deprecated, use {$var} instead in C:\xampp\htdocs\WEB-XPEED-BE\wp-content\plugins\mailpoet\lib\Util\Notices\DatabaseEngineNotice.php on line 100
[12-Nov-2024 10:52:12 UTC] PHP Deprecated:  Optional parameter $after declared before required parameter $length is implicitly treated as a required parameter in C:\xampp\htdocs\WEB-XPEED-BE\wp-content\themes\xpeed\includes\theme_functions_helper.php on line 44
[12-Nov-2024 10:52:12 UTC] PHP Deprecated:  Using ${var} in strings is deprecated, use {$var} instead in C:\xampp\htdocs\WEB-XPEED-BE\wp-content\plugins\mailpoet\lib\Util\Notices\DatabaseEngineNotice.php on line 100
[12-Nov-2024 10:52:13 UTC] PHP Deprecated:  Optional parameter $after declared before required parameter $length is implicitly treated as a required parameter in C:\xampp\htdocs\WEB-XPEED-BE\wp-content\themes\xpeed\includes\theme_functions_helper.php on line 44
[12-Nov-2024 10:52:13 UTC] PHP Deprecated:  Using ${var} in strings is deprecated, use {$var} instead in C:\xampp\htdocs\WEB-XPEED-BE\wp-content\plugins\mailpoet\lib\Util\Notices\DatabaseEngineNotice.php on line 100
[12-Nov-2024 10:52:13 UTC] PHP Deprecated:  Optional parameter $after declared before required parameter $length is implicitly treated as a required parameter in C:\xampp\htdocs\WEB-XPEED-BE\wp-content\themes\xpeed\includes\theme_functions_helper.php on line 44
[12-Nov-2024 10:52:13 UTC] PHP Deprecated:  Optional parameter $after declared before required parameter $length is implicitly treated as a required parameter in C:\xampp\htdocs\WEB-XPEED-BE\wp-content\themes\xpeed\includes\theme_functions_helper.php on line 44
[12-Nov-2024 10:52:13 UTC] PHP Deprecated:  Optional parameter $after declared before required parameter $length is implicitly treated as a required parameter in C:\xampp\htdocs\WEB-XPEED-BE\wp-content\themes\xpeed\includes\theme_functions_helper.php on line 44
[12-Nov-2024 10:52:13 UTC] PHP Deprecated:  Optional parameter $after declared before required parameter $length is implicitly treated as a required parameter in C:\xampp\htdocs\WEB-XPEED-BE\wp-content\themes\xpeed\includes\theme_functions_helper.php on line 44
[12-Nov-2024 10:52:14 UTC] PHP Deprecated:  Optional parameter $after declared before required parameter $length is implicitly treated as a required parameter in C:\xampp\htdocs\WEB-XPEED-BE\wp-content\themes\xpeed\includes\theme_functions_helper.php on line 44
[12-Nov-2024 10:52:14 UTC] PHP Deprecated:  Using ${var} in strings is deprecated, use {$var} instead in C:\xampp\htdocs\WEB-XPEED-BE\wp-content\plugins\mailpoet\lib\Util\Notices\DatabaseEngineNotice.php on line 100
[12-Nov-2024 10:52:15 UTC] PHP Deprecated:  Using ${var} in strings is deprecated, use {$var} instead in C:\xampp\htdocs\WEB-XPEED-BE\wp-content\plugins\mailpoet\lib\Util\Notices\DatabaseEngineNotice.php on line 100
[12-Nov-2024 10:52:15 UTC] PHP Deprecated:  Using ${var} in strings is deprecated, use {$var} instead in C:\xampp\htdocs\WEB-XPEED-BE\wp-content\plugins\mailpoet\lib\Util\Notices\DatabaseEngineNotice.php on line 100
[12-Nov-2024 10:52:15 UTC] PHP Deprecated:  Optional parameter $after declared before required parameter $length is implicitly treated as a required parameter in C:\xampp\htdocs\WEB-XPEED-BE\wp-content\themes\xpeed\includes\theme_functions_helper.php on line 44
[12-Nov-2024 10:52:16 UTC] PHP Deprecated:  Optional parameter $after declared before required parameter $length is implicitly treated as a required parameter in C:\xampp\htdocs\WEB-XPEED-BE\wp-content\themes\xpeed\includes\theme_functions_helper.php on line 44
[12-Nov-2024 10:52:16 UTC] PHP Deprecated:  Optional parameter $after declared before required parameter $length is implicitly treated as a required parameter in C:\xampp\htdocs\WEB-XPEED-BE\wp-content\themes\xpeed\includes\theme_functions_helper.php on line 44
[12-Nov-2024 10:52:18 UTC] PHP Deprecated:  Using ${var} in strings is deprecated, use {$var} instead in C:\xampp\htdocs\WEB-XPEED-BE\wp-content\plugins\mailpoet\lib\Util\Notices\DatabaseEngineNotice.php on line 100
[12-Nov-2024 10:52:18 UTC] PHP Deprecated:  Using ${var} in strings is deprecated, use {$var} instead in C:\xampp\htdocs\WEB-XPEED-BE\wp-content\plugins\mailpoet\lib\Util\Notices\DatabaseEngineNotice.php on line 100
[12-Nov-2024 10:52:18 UTC] PHP Deprecated:  Using ${var} in strings is deprecated, use {$var} instead in C:\xampp\htdocs\WEB-XPEED-BE\wp-content\plugins\mailpoet\lib\Util\Notices\DatabaseEngineNotice.php on line 100
[12-Nov-2024 10:52:18 UTC] PHP Deprecated:  Optional parameter $after declared before required parameter $length is implicitly treated as a required parameter in C:\xampp\htdocs\WEB-XPEED-BE\wp-content\themes\xpeed\includes\theme_functions_helper.php on line 44
[12-Nov-2024 10:52:19 UTC] PHP Deprecated:  Optional parameter $after declared before required parameter $length is implicitly treated as a required parameter in C:\xampp\htdocs\WEB-XPEED-BE\wp-content\themes\xpeed\includes\theme_functions_helper.php on line 44
[12-Nov-2024 10:52:19 UTC] PHP Deprecated:  Optional parameter $after declared before required parameter $length is implicitly treated as a required parameter in C:\xampp\htdocs\WEB-XPEED-BE\wp-content\themes\xpeed\includes\theme_functions_helper.php on line 44
[12-Nov-2024 10:52:37 UTC] PHP Deprecated:  Using ${var} in strings is deprecated, use {$var} instead in C:\xampp\htdocs\WEB-XPEED-BE\wp-content\plugins\mailpoet\lib\Util\Notices\DatabaseEngineNotice.php on line 100
[12-Nov-2024 10:52:38 UTC] PHP Deprecated:  Optional parameter $after declared before required parameter $length is implicitly treated as a required parameter in C:\xampp\htdocs\WEB-XPEED-BE\wp-content\themes\xpeed\includes\theme_functions_helper.php on line 44
[12-Nov-2024 10:52:41 UTC] PHP Deprecated:  Using ${var} in strings is deprecated, use {$var} instead in C:\xampp\htdocs\WEB-XPEED-BE\wp-content\plugins\mailpoet\lib\Util\Notices\DatabaseEngineNotice.php on line 100
[12-Nov-2024 10:52:41 UTC] PHP Deprecated:  Using ${var} in strings is deprecated, use {$var} instead in C:\xampp\htdocs\WEB-XPEED-BE\wp-content\plugins\mailpoet\lib\Util\Notices\DatabaseEngineNotice.php on line 100
[12-Nov-2024 10:52:41 UTC] PHP Deprecated:  Using ${var} in strings is deprecated, use {$var} instead in C:\xampp\htdocs\WEB-XPEED-BE\wp-content\plugins\mailpoet\lib\Util\Notices\DatabaseEngineNotice.php on line 100
[12-Nov-2024 10:52:41 UTC] PHP Deprecated:  Using ${var} in strings is deprecated, use {$var} instead in C:\xampp\htdocs\WEB-XPEED-BE\wp-content\plugins\mailpoet\lib\Util\Notices\DatabaseEngineNotice.php on line 100
[12-Nov-2024 10:52:41 UTC] PHP Deprecated:  Using ${var} in strings is deprecated, use {$var} instead in C:\xampp\htdocs\WEB-XPEED-BE\wp-content\plugins\mailpoet\lib\Util\Notices\DatabaseEngineNotice.php on line 100
[12-Nov-2024 10:52:41 UTC] PHP Deprecated:  Using ${var} in strings is deprecated, use {$var} instead in C:\xampp\htdocs\WEB-XPEED-BE\wp-content\plugins\mailpoet\lib\Util\Notices\DatabaseEngineNotice.php on line 100
[12-Nov-2024 10:52:41 UTC] PHP Deprecated:  Optional parameter $after declared before required parameter $length is implicitly treated as a required parameter in C:\xampp\htdocs\WEB-XPEED-BE\wp-content\themes\xpeed\includes\theme_functions_helper.php on line 44
[12-Nov-2024 10:52:41 UTC] PHP Deprecated:  Optional parameter $after declared before required parameter $length is implicitly treated as a required parameter in C:\xampp\htdocs\WEB-XPEED-BE\wp-content\themes\xpeed\includes\theme_functions_helper.php on line 44
[12-Nov-2024 10:52:41 UTC] PHP Deprecated:  Optional parameter $after declared before required parameter $length is implicitly treated as a required parameter in C:\xampp\htdocs\WEB-XPEED-BE\wp-content\themes\xpeed\includes\theme_functions_helper.php on line 44
[12-Nov-2024 10:52:41 UTC] PHP Deprecated:  Optional parameter $after declared before required parameter $length is implicitly treated as a required parameter in C:\xampp\htdocs\WEB-XPEED-BE\wp-content\themes\xpeed\includes\theme_functions_helper.php on line 44
[12-Nov-2024 10:52:41 UTC] PHP Deprecated:  Optional parameter $after declared before required parameter $length is implicitly treated as a required parameter in C:\xampp\htdocs\WEB-XPEED-BE\wp-content\themes\xpeed\includes\theme_functions_helper.php on line 44
[12-Nov-2024 10:52:42 UTC] PHP Deprecated:  Optional parameter $after declared before required parameter $length is implicitly treated as a required parameter in C:\xampp\htdocs\WEB-XPEED-BE\wp-content\themes\xpeed\includes\theme_functions_helper.php on line 44
[12-Nov-2024 10:52:43 UTC] PHP Deprecated:  Using ${var} in strings is deprecated, use {$var} instead in C:\xampp\htdocs\WEB-XPEED-BE\wp-content\plugins\mailpoet\lib\Util\Notices\DatabaseEngineNotice.php on line 100
[12-Nov-2024 10:52:43 UTC] PHP Deprecated:  Using ${var} in strings is deprecated, use {$var} instead in C:\xampp\htdocs\WEB-XPEED-BE\wp-content\plugins\mailpoet\lib\Util\Notices\DatabaseEngineNotice.php on line 100
[12-Nov-2024 10:52:43 UTC] PHP Deprecated:  Using ${var} in strings is deprecated, use {$var} instead in C:\xampp\htdocs\WEB-XPEED-BE\wp-content\plugins\mailpoet\lib\Util\Notices\DatabaseEngineNotice.php on line 100
[12-Nov-2024 10:52:44 UTC] PHP Deprecated:  Optional parameter $after declared before required parameter $length is implicitly treated as a required parameter in C:\xampp\htdocs\WEB-XPEED-BE\wp-content\themes\xpeed\includes\theme_functions_helper.php on line 44
[12-Nov-2024 10:52:44 UTC] PHP Deprecated:  Optional parameter $after declared before required parameter $length is implicitly treated as a required parameter in C:\xampp\htdocs\WEB-XPEED-BE\wp-content\themes\xpeed\includes\theme_functions_helper.php on line 44
[12-Nov-2024 10:52:44 UTC] PHP Deprecated:  Optional parameter $after declared before required parameter $length is implicitly treated as a required parameter in C:\xampp\htdocs\WEB-XPEED-BE\wp-content\themes\xpeed\includes\theme_functions_helper.php on line 44
[12-Nov-2024 10:52:46 UTC] PHP Deprecated:  Using ${var} in strings is deprecated, use {$var} instead in C:\xampp\htdocs\WEB-XPEED-BE\wp-content\plugins\mailpoet\lib\Util\Notices\DatabaseEngineNotice.php on line 100
[12-Nov-2024 10:52:46 UTC] PHP Deprecated:  Optional parameter $after declared before required parameter $length is implicitly treated as a required parameter in C:\xampp\htdocs\WEB-XPEED-BE\wp-content\themes\xpeed\includes\theme_functions_helper.php on line 44
[18-Nov-2024 11:31:44 UTC] PHP Deprecated:  Using ${var} in strings is deprecated, use {$var} instead in C:\xampp\htdocs\WEB-XPEED-BE\wp-content\plugins\mailpoet\lib\Util\Notices\DatabaseEngineNotice.php on line 100
[18-Nov-2024 11:31:46 UTC] PHP Deprecated:  Using ${var} in strings is deprecated, use {$var} instead in C:\xampp\htdocs\WEB-XPEED-BE\wp-content\plugins\mailpoet\lib\Util\Notices\DatabaseEngineNotice.php on line 100
[18-Nov-2024 11:31:47 UTC] PHP Deprecated:  Using ${var} in strings is deprecated, use {$var} instead in C:\xampp\htdocs\WEB-XPEED-BE\wp-content\plugins\mailpoet\lib\Util\Notices\DatabaseEngineNotice.php on line 100
[18-Nov-2024 11:32:04 UTC] PHP Deprecated:  Using ${var} in strings is deprecated, use {$var} instead in C:\xampp\htdocs\WEB-XPEED-BE\wp-content\plugins\mailpoet\lib\Util\Notices\DatabaseEngineNotice.php on line 100
[18-Nov-2024 11:32:09 UTC] PHP Deprecated:  Using ${var} in strings is deprecated, use {$var} instead in C:\xampp\htdocs\WEB-XPEED-BE\wp-content\plugins\mailpoet\lib\Util\Notices\DatabaseEngineNotice.php on line 100
[18-Nov-2024 11:32:14 UTC] PHP Deprecated:  Using ${var} in strings is deprecated, use {$var} instead in C:\xampp\htdocs\WEB-XPEED-BE\wp-content\plugins\mailpoet\lib\Util\Notices\DatabaseEngineNotice.php on line 100
[18-Nov-2024 11:32:18 UTC] PHP Deprecated:  Using ${var} in strings is deprecated, use {$var} instead in C:\xampp\htdocs\WEB-XPEED-BE\wp-content\plugins\mailpoet\lib\Util\Notices\DatabaseEngineNotice.php on line 100
[18-Nov-2024 11:32:20 UTC] PHP Deprecated:  Using ${var} in strings is deprecated, use {$var} instead in C:\xampp\htdocs\WEB-XPEED-BE\wp-content\plugins\mailpoet\lib\Util\Notices\DatabaseEngineNotice.php on line 100
[18-Nov-2024 11:32:21 UTC] PHP Deprecated:  Using ${var} in strings is deprecated, use {$var} instead in C:\xampp\htdocs\WEB-XPEED-BE\wp-content\plugins\mailpoet\lib\Util\Notices\DatabaseEngineNotice.php on line 100
[18-Nov-2024 11:32:21 UTC] PHP Deprecated:  Using ${var} in strings is deprecated, use {$var} instead in C:\xampp\htdocs\WEB-XPEED-BE\wp-content\plugins\mailpoet\lib\Util\Notices\DatabaseEngineNotice.php on line 100
[18-Nov-2024 11:32:21 UTC] PHP Deprecated:  Using ${var} in strings is deprecated, use {$var} instead in C:\xampp\htdocs\WEB-XPEED-BE\wp-content\plugins\mailpoet\lib\Util\Notices\DatabaseEngineNotice.php on line 100
[18-Nov-2024 11:32:21 UTC] PHP Deprecated:  Using ${var} in strings is deprecated, use {$var} instead in C:\xampp\htdocs\WEB-XPEED-BE\wp-content\plugins\mailpoet\lib\Util\Notices\DatabaseEngineNotice.php on line 100
[18-Nov-2024 11:32:22 UTC] PHP Deprecated:  Using ${var} in strings is deprecated, use {$var} instead in C:\xampp\htdocs\WEB-XPEED-BE\wp-content\plugins\mailpoet\lib\Util\Notices\DatabaseEngineNotice.php on line 100
[18-Nov-2024 11:32:23 UTC] PHP Deprecated:  Using ${var} in strings is deprecated, use {$var} instead in C:\xampp\htdocs\WEB-XPEED-BE\wp-content\plugins\mailpoet\lib\Util\Notices\DatabaseEngineNotice.php on line 100
[18-Nov-2024 11:32:24 UTC] PHP Deprecated:  Using ${var} in strings is deprecated, use {$var} instead in C:\xampp\htdocs\WEB-XPEED-BE\wp-content\plugins\mailpoet\lib\Util\Notices\DatabaseEngineNotice.php on line 100
[18-Nov-2024 11:32:24 UTC] PHP Deprecated:  Using ${var} in strings is deprecated, use {$var} instead in C:\xampp\htdocs\WEB-XPEED-BE\wp-content\plugins\mailpoet\lib\Util\Notices\DatabaseEngineNotice.php on line 100
[18-Nov-2024 11:32:25 UTC] PHP Deprecated:  Using ${var} in strings is deprecated, use {$var} instead in C:\xampp\htdocs\WEB-XPEED-BE\wp-content\plugins\mailpoet\lib\Util\Notices\DatabaseEngineNotice.php on line 100
[18-Nov-2024 11:32:26 UTC] PHP Deprecated:  Using ${var} in strings is deprecated, use {$var} instead in C:\xampp\htdocs\WEB-XPEED-BE\wp-content\plugins\mailpoet\lib\Util\Notices\DatabaseEngineNotice.php on line 100
[18-Nov-2024 11:36:24 UTC] PHP Deprecated:  Using ${var} in strings is deprecated, use {$var} instead in C:\xampp\htdocs\WEB-XPEED-BE\wp-content\plugins\mailpoet\lib\Util\Notices\DatabaseEngineNotice.php on line 100
[18-Nov-2024 11:36:26 UTC] PHP Deprecated:  Using ${var} in strings is deprecated, use {$var} instead in C:\xampp\htdocs\WEB-XPEED-BE\wp-content\plugins\mailpoet\lib\Util\Notices\DatabaseEngineNotice.php on line 100
[18-Nov-2024 11:36:28 UTC] PHP Deprecated:  Using ${var} in strings is deprecated, use {$var} instead in C:\xampp\htdocs\WEB-XPEED-BE\wp-content\plugins\mailpoet\lib\Util\Notices\DatabaseEngineNotice.php on line 100
[18-Nov-2024 11:36:32 UTC] PHP Deprecated:  Using ${var} in strings is deprecated, use {$var} instead in C:\xampp\htdocs\WEB-XPEED-BE\wp-content\plugins\mailpoet\lib\Util\Notices\DatabaseEngineNotice.php on line 100
[18-Nov-2024 11:36:33 UTC] PHP Deprecated:  Using ${var} in strings is deprecated, use {$var} instead in C:\xampp\htdocs\WEB-XPEED-BE\wp-content\plugins\mailpoet\lib\Util\Notices\DatabaseEngineNotice.php on line 100
[18-Nov-2024 11:36:47 UTC] PHP Deprecated:  Using ${var} in strings is deprecated, use {$var} instead in C:\xampp\htdocs\WEB-XPEED-BE\wp-content\plugins\mailpoet\lib\Util\Notices\DatabaseEngineNotice.php on line 100
[18-Nov-2024 11:38:13 UTC] PHP Deprecated:  Using ${var} in strings is deprecated, use {$var} instead in C:\xampp\htdocs\WEB-XPEED-BE\wp-content\plugins\mailpoet\lib\Util\Notices\DatabaseEngineNotice.php on line 100
[18-Nov-2024 11:38:15 UTC] PHP Deprecated:  Using ${var} in strings is deprecated, use {$var} instead in C:\xampp\htdocs\WEB-XPEED-BE\wp-content\plugins\mailpoet\lib\Util\Notices\DatabaseEngineNotice.php on line 100
[18-Nov-2024 11:38:26 UTC] PHP Deprecated:  Using ${var} in strings is deprecated, use {$var} instead in C:\xampp\htdocs\WEB-XPEED-BE\wp-content\plugins\mailpoet\lib\Util\Notices\DatabaseEngineNotice.php on line 100
[18-Nov-2024 11:38:41 UTC] PHP Deprecated:  Using ${var} in strings is deprecated, use {$var} instead in C:\xampp\htdocs\WEB-XPEED-BE\wp-content\plugins\mailpoet\lib\Util\Notices\DatabaseEngineNotice.php on line 100
[18-Nov-2024 11:39:43 UTC] PHP Deprecated:  Using ${var} in strings is deprecated, use {$var} instead in C:\xampp\htdocs\WEB-XPEED-BE\wp-content\plugins\mailpoet\lib\Util\Notices\DatabaseEngineNotice.php on line 100
[18-Nov-2024 11:39:44 UTC] PHP Deprecated:  Using ${var} in strings is deprecated, use {$var} instead in C:\xampp\htdocs\WEB-XPEED-BE\wp-content\plugins\mailpoet\lib\Util\Notices\DatabaseEngineNotice.php on line 100
[18-Nov-2024 11:39:47 UTC] PHP Deprecated:  Using ${var} in strings is deprecated, use {$var} instead in C:\xampp\htdocs\WEB-XPEED-BE\wp-content\plugins\mailpoet\lib\Util\Notices\DatabaseEngineNotice.php on line 100
[18-Nov-2024 11:39:50 UTC] PHP Deprecated:  Using ${var} in strings is deprecated, use {$var} instead in C:\xampp\htdocs\WEB-XPEED-BE\wp-content\plugins\mailpoet\lib\Util\Notices\DatabaseEngineNotice.php on line 100
[18-Nov-2024 11:39:51 UTC] PHP Deprecated:  Using ${var} in strings is deprecated, use {$var} instead in C:\xampp\htdocs\WEB-XPEED-BE\wp-content\plugins\mailpoet\lib\Util\Notices\DatabaseEngineNotice.php on line 100
[18-Nov-2024 11:40:37 UTC] PHP Deprecated:  Using ${var} in strings is deprecated, use {$var} instead in C:\xampp\htdocs\WEB-XPEED-BE\wp-content\plugins\mailpoet\lib\Util\Notices\DatabaseEngineNotice.php on line 100
[18-Nov-2024 11:40:39 UTC] PHP Deprecated:  Using ${var} in strings is deprecated, use {$var} instead in C:\xampp\htdocs\WEB-XPEED-BE\wp-content\plugins\mailpoet\lib\Util\Notices\DatabaseEngineNotice.php on line 100
[18-Nov-2024 11:40:46 UTC] PHP Deprecated:  Using ${var} in strings is deprecated, use {$var} instead in C:\xampp\htdocs\WEB-XPEED-BE\wp-content\plugins\mailpoet\lib\Util\Notices\DatabaseEngineNotice.php on line 100
[18-Nov-2024 11:40:59 UTC] PHP Deprecated:  Using ${var} in strings is deprecated, use {$var} instead in C:\xampp\htdocs\WEB-XPEED-BE\wp-content\plugins\mailpoet\lib\Util\Notices\DatabaseEngineNotice.php on line 100
[18-Nov-2024 11:41:01 UTC] PHP Deprecated:  Using ${var} in strings is deprecated, use {$var} instead in C:\xampp\htdocs\WEB-XPEED-BE\wp-content\plugins\mailpoet\lib\Util\Notices\DatabaseEngineNotice.php on line 100
[18-Nov-2024 11:43:10 UTC] PHP Deprecated:  Using ${var} in strings is deprecated, use {$var} instead in C:\xampp\htdocs\WEB-XPEED-BE\wp-content\plugins\mailpoet\lib\Util\Notices\DatabaseEngineNotice.php on line 100
[18-Nov-2024 11:43:12 UTC] PHP Deprecated:  Using ${var} in strings is deprecated, use {$var} instead in C:\xampp\htdocs\WEB-XPEED-BE\wp-content\plugins\mailpoet\lib\Util\Notices\DatabaseEngineNotice.php on line 100
[18-Nov-2024 11:43:12 UTC] PHP Deprecated:  Using ${var} in strings is deprecated, use {$var} instead in C:\xampp\htdocs\WEB-XPEED-BE\wp-content\plugins\mailpoet\lib\Util\Notices\DatabaseEngineNotice.php on line 100
[18-Nov-2024 11:43:15 UTC] PHP Deprecated:  Using ${var} in strings is deprecated, use {$var} instead in C:\xampp\htdocs\WEB-XPEED-BE\wp-content\plugins\mailpoet\lib\Util\Notices\DatabaseEngineNotice.php on line 100
[18-Nov-2024 11:43:15 UTC] PHP Deprecated:  Using ${var} in strings is deprecated, use {$var} instead in C:\xampp\htdocs\WEB-XPEED-BE\wp-content\plugins\mailpoet\lib\Util\Notices\DatabaseEngineNotice.php on line 100
[18-Nov-2024 11:43:18 UTC] PHP Deprecated:  Using ${var} in strings is deprecated, use {$var} instead in C:\xampp\htdocs\WEB-XPEED-BE\wp-content\plugins\mailpoet\lib\Util\Notices\DatabaseEngineNotice.php on line 100
[18-Nov-2024 11:43:19 UTC] PHP Deprecated:  Using ${var} in strings is deprecated, use {$var} instead in C:\xampp\htdocs\WEB-XPEED-BE\wp-content\plugins\mailpoet\lib\Util\Notices\DatabaseEngineNotice.php on line 100
[18-Nov-2024 11:45:41 UTC] PHP Deprecated:  Using ${var} in strings is deprecated, use {$var} instead in C:\xampp\htdocs\WEB-XPEED-BE\wp-content\plugins\mailpoet\lib\Util\Notices\DatabaseEngineNotice.php on line 100
[18-Nov-2024 11:45:43 UTC] PHP Deprecated:  Using ${var} in strings is deprecated, use {$var} instead in C:\xampp\htdocs\WEB-XPEED-BE\wp-content\plugins\mailpoet\lib\Util\Notices\DatabaseEngineNotice.php on line 100
[18-Nov-2024 11:45:45 UTC] PHP Deprecated:  Using ${var} in strings is deprecated, use {$var} instead in C:\xampp\htdocs\WEB-XPEED-BE\wp-content\plugins\mailpoet\lib\Util\Notices\DatabaseEngineNotice.php on line 100
[18-Nov-2024 11:45:46 UTC] PHP Deprecated:  Using ${var} in strings is deprecated, use {$var} instead in C:\xampp\htdocs\WEB-XPEED-BE\wp-content\plugins\mailpoet\lib\Util\Notices\DatabaseEngineNotice.php on line 100
[18-Nov-2024 11:45:49 UTC] PHP Deprecated:  Using ${var} in strings is deprecated, use {$var} instead in C:\xampp\htdocs\WEB-XPEED-BE\wp-content\plugins\mailpoet\lib\Util\Notices\DatabaseEngineNotice.php on line 100
[18-Nov-2024 11:45:50 UTC] PHP Deprecated:  Using ${var} in strings is deprecated, use {$var} instead in C:\xampp\htdocs\WEB-XPEED-BE\wp-content\plugins\mailpoet\lib\Util\Notices\DatabaseEngineNotice.php on line 100
[18-Nov-2024 11:47:21 UTC] PHP Deprecated:  Using ${var} in strings is deprecated, use {$var} instead in C:\xampp\htdocs\WEB-XPEED-BE\wp-content\plugins\mailpoet\lib\Util\Notices\DatabaseEngineNotice.php on line 100
[18-Nov-2024 11:47:23 UTC] PHP Deprecated:  Using ${var} in strings is deprecated, use {$var} instead in C:\xampp\htdocs\WEB-XPEED-BE\wp-content\plugins\mailpoet\lib\Util\Notices\DatabaseEngineNotice.php on line 100
[18-Nov-2024 11:47:24 UTC] PHP Deprecated:  Using ${var} in strings is deprecated, use {$var} instead in C:\xampp\htdocs\WEB-XPEED-BE\wp-content\plugins\mailpoet\lib\Util\Notices\DatabaseEngineNotice.php on line 100
[18-Nov-2024 11:47:45 UTC] PHP Deprecated:  Using ${var} in strings is deprecated, use {$var} instead in C:\xampp\htdocs\WEB-XPEED-BE\wp-content\plugins\mailpoet\lib\Util\Notices\DatabaseEngineNotice.php on line 100
[18-Nov-2024 11:47:48 UTC] PHP Deprecated:  Using ${var} in strings is deprecated, use {$var} instead in C:\xampp\htdocs\WEB-XPEED-BE\wp-content\plugins\mailpoet\lib\Util\Notices\DatabaseEngineNotice.php on line 100
[18-Nov-2024 11:47:49 UTC] PHP Deprecated:  Using ${var} in strings is deprecated, use {$var} instead in C:\xampp\htdocs\WEB-XPEED-BE\wp-content\plugins\mailpoet\lib\Util\Notices\DatabaseEngineNotice.php on line 100
[18-Nov-2024 11:47:49 UTC] PHP Deprecated:  Using ${var} in strings is deprecated, use {$var} instead in C:\xampp\htdocs\WEB-XPEED-BE\wp-content\plugins\mailpoet\lib\Util\Notices\DatabaseEngineNotice.php on line 100
[18-Nov-2024 11:47:49 UTC] PHP Deprecated:  Using ${var} in strings is deprecated, use {$var} instead in C:\xampp\htdocs\WEB-XPEED-BE\wp-content\plugins\mailpoet\lib\Util\Notices\DatabaseEngineNotice.php on line 100
[18-Nov-2024 11:47:49 UTC] PHP Deprecated:  Using ${var} in strings is deprecated, use {$var} instead in C:\xampp\htdocs\WEB-XPEED-BE\wp-content\plugins\mailpoet\lib\Util\Notices\DatabaseEngineNotice.php on line 100
[18-Nov-2024 11:47:49 UTC] PHP Deprecated:  Using ${var} in strings is deprecated, use {$var} instead in C:\xampp\htdocs\WEB-XPEED-BE\wp-content\plugins\mailpoet\lib\Util\Notices\DatabaseEngineNotice.php on line 100
[18-Nov-2024 11:47:50 UTC] PHP Deprecated:  Using ${var} in strings is deprecated, use {$var} instead in C:\xampp\htdocs\WEB-XPEED-BE\wp-content\plugins\mailpoet\lib\Util\Notices\DatabaseEngineNotice.php on line 100
[18-Nov-2024 11:47:51 UTC] PHP Deprecated:  Using ${var} in strings is deprecated, use {$var} instead in C:\xampp\htdocs\WEB-XPEED-BE\wp-content\plugins\mailpoet\lib\Util\Notices\DatabaseEngineNotice.php on line 100
[18-Nov-2024 11:47:51 UTC] PHP Deprecated:  Using ${var} in strings is deprecated, use {$var} instead in C:\xampp\htdocs\WEB-XPEED-BE\wp-content\plugins\mailpoet\lib\Util\Notices\DatabaseEngineNotice.php on line 100
[18-Nov-2024 11:47:52 UTC] PHP Deprecated:  Using ${var} in strings is deprecated, use {$var} instead in C:\xampp\htdocs\WEB-XPEED-BE\wp-content\plugins\mailpoet\lib\Util\Notices\DatabaseEngineNotice.php on line 100
[18-Nov-2024 11:47:52 UTC] PHP Deprecated:  Using ${var} in strings is deprecated, use {$var} instead in C:\xampp\htdocs\WEB-XPEED-BE\wp-content\plugins\mailpoet\lib\Util\Notices\DatabaseEngineNotice.php on line 100
[18-Nov-2024 11:47:53 UTC] PHP Deprecated:  Using ${var} in strings is deprecated, use {$var} instead in C:\xampp\htdocs\WEB-XPEED-BE\wp-content\plugins\mailpoet\lib\Util\Notices\DatabaseEngineNotice.php on line 100
[18-Nov-2024 11:47:54 UTC] PHP Deprecated:  Using ${var} in strings is deprecated, use {$var} instead in C:\xampp\htdocs\WEB-XPEED-BE\wp-content\plugins\mailpoet\lib\Util\Notices\DatabaseEngineNotice.php on line 100
[18-Nov-2024 11:47:57 UTC] PHP Deprecated:  Using ${var} in strings is deprecated, use {$var} instead in C:\xampp\htdocs\WEB-XPEED-BE\wp-content\plugins\mailpoet\lib\Util\Notices\DatabaseEngineNotice.php on line 100
[18-Nov-2024 11:47:58 UTC] PHP Deprecated:  Using ${var} in strings is deprecated, use {$var} instead in C:\xampp\htdocs\WEB-XPEED-BE\wp-content\plugins\mailpoet\lib\Util\Notices\DatabaseEngineNotice.php on line 100
[18-Nov-2024 11:47:58 UTC] PHP Deprecated:  Using ${var} in strings is deprecated, use {$var} instead in C:\xampp\htdocs\WEB-XPEED-BE\wp-content\plugins\mailpoet\lib\Util\Notices\DatabaseEngineNotice.php on line 100
[18-Nov-2024 11:48:00 UTC] PHP Deprecated:  Using ${var} in strings is deprecated, use {$var} instead in C:\xampp\htdocs\WEB-XPEED-BE\wp-content\plugins\mailpoet\lib\Util\Notices\DatabaseEngineNotice.php on line 100
[18-Nov-2024 11:48:07 UTC] PHP Deprecated:  Using ${var} in strings is deprecated, use {$var} instead in C:\xampp\htdocs\WEB-XPEED-BE\wp-content\plugins\mailpoet\lib\Util\Notices\DatabaseEngineNotice.php on line 100
[18-Nov-2024 11:48:08 UTC] PHP Fatal error:  Uncaught Error: Call to undefined method app\Controllers\ProductController::getNewProducts() in C:\xampp\htdocs\WEB-XPEED-BE\wp-content\themes\xpeed\sidebar.php:9
Stack trace:
#0 C:\xampp\htdocs\WEB-XPEED-BE\wp-includes\template.php(810): require_once()
#1 C:\xampp\htdocs\WEB-XPEED-BE\wp-includes\template.php(745): load_template('C:\\xampp\\htdocs...', true, Array)
#2 C:\xampp\htdocs\WEB-XPEED-BE\wp-includes\general-template.php(136): locate_template(Array, true, true, Array)
#3 C:\xampp\htdocs\WEB-XPEED-BE\wp-content\themes\xpeed\templates\tml-blog.php(80): get_sidebar()
#4 C:\xampp\htdocs\WEB-XPEED-BE\wp-includes\template-loader.php(106): include('C:\\xampp\\htdocs...')
#5 C:\xampp\htdocs\WEB-XPEED-BE\wp-blog-header.php(19): require_once('C:\\xampp\\htdocs...')
#6 C:\xampp\htdocs\WEB-XPEED-BE\index.php(17): require('C:\\xampp\\htdocs...')
#7 {main}
  thrown in C:\xampp\htdocs\WEB-XPEED-BE\wp-content\themes\xpeed\sidebar.php on line 9
[18-Nov-2024 11:48:09 UTC] PHP Deprecated:  Using ${var} in strings is deprecated, use {$var} instead in C:\xampp\htdocs\WEB-XPEED-BE\wp-content\plugins\mailpoet\lib\Util\Notices\DatabaseEngineNotice.php on line 100
[18-Nov-2024 11:48:10 UTC] PHP Deprecated:  Using ${var} in strings is deprecated, use {$var} instead in C:\xampp\htdocs\WEB-XPEED-BE\wp-content\plugins\mailpoet\lib\Util\Notices\DatabaseEngineNotice.php on line 100
[18-Nov-2024 11:48:10 UTC] PHP Deprecated:  Using ${var} in strings is deprecated, use {$var} instead in C:\xampp\htdocs\WEB-XPEED-BE\wp-content\plugins\mailpoet\lib\Util\Notices\DatabaseEngineNotice.php on line 100
[18-Nov-2024 11:48:10 UTC] PHP Deprecated:  Using ${var} in strings is deprecated, use {$var} instead in C:\xampp\htdocs\WEB-XPEED-BE\wp-content\plugins\mailpoet\lib\Util\Notices\DatabaseEngineNotice.php on line 100
[18-Nov-2024 11:49:26 UTC] PHP Deprecated:  Using ${var} in strings is deprecated, use {$var} instead in C:\xampp\htdocs\WEB-XPEED-BE\wp-content\plugins\mailpoet\lib\Util\Notices\DatabaseEngineNotice.php on line 100
[18-Nov-2024 11:49:27 UTC] PHP Deprecated:  Using ${var} in strings is deprecated, use {$var} instead in C:\xampp\htdocs\WEB-XPEED-BE\wp-content\plugins\mailpoet\lib\Util\Notices\DatabaseEngineNotice.php on line 100
[18-Nov-2024 11:49:28 UTC] PHP Fatal error:  Uncaught Error: Call to undefined method app\Controllers\ProductController::getNewProducts() in C:\xampp\htdocs\WEB-XPEED-BE\wp-content\themes\xpeed\sidebar.php:9
Stack trace:
#0 C:\xampp\htdocs\WEB-XPEED-BE\wp-includes\template.php(810): require_once()
#1 C:\xampp\htdocs\WEB-XPEED-BE\wp-includes\template.php(745): load_template('C:\\xampp\\htdocs...', true, Array)
#2 C:\xampp\htdocs\WEB-XPEED-BE\wp-includes\general-template.php(136): locate_template(Array, true, true, Array)
#3 C:\xampp\htdocs\WEB-XPEED-BE\wp-content\themes\xpeed\templates\tml-blog.php(80): get_sidebar()
#4 C:\xampp\htdocs\WEB-XPEED-BE\wp-includes\template-loader.php(106): include('C:\\xampp\\htdocs...')
#5 C:\xampp\htdocs\WEB-XPEED-BE\wp-blog-header.php(19): require_once('C:\\xampp\\htdocs...')
#6 C:\xampp\htdocs\WEB-XPEED-BE\index.php(17): require('C:\\xampp\\htdocs...')
#7 {main}
  thrown in C:\xampp\htdocs\WEB-XPEED-BE\wp-content\themes\xpeed\sidebar.php on line 9
[18-Nov-2024 11:49:29 UTC] PHP Deprecated:  Using ${var} in strings is deprecated, use {$var} instead in C:\xampp\htdocs\WEB-XPEED-BE\wp-content\plugins\mailpoet\lib\Util\Notices\DatabaseEngineNotice.php on line 100
[18-Nov-2024 11:49:30 UTC] PHP Deprecated:  Using ${var} in strings is deprecated, use {$var} instead in C:\xampp\htdocs\WEB-XPEED-BE\wp-content\plugins\mailpoet\lib\Util\Notices\DatabaseEngineNotice.php on line 100
[18-Nov-2024 11:49:30 UTC] PHP Deprecated:  Using ${var} in strings is deprecated, use {$var} instead in C:\xampp\htdocs\WEB-XPEED-BE\wp-content\plugins\mailpoet\lib\Util\Notices\DatabaseEngineNotice.php on line 100
[18-Nov-2024 11:49:30 UTC] PHP Deprecated:  Using ${var} in strings is deprecated, use {$var} instead in C:\xampp\htdocs\WEB-XPEED-BE\wp-content\plugins\mailpoet\lib\Util\Notices\DatabaseEngineNotice.php on line 100
[18-Nov-2024 11:49:32 UTC] PHP Deprecated:  Using ${var} in strings is deprecated, use {$var} instead in C:\xampp\htdocs\WEB-XPEED-BE\wp-content\plugins\mailpoet\lib\Util\Notices\DatabaseEngineNotice.php on line 100
[18-Nov-2024 11:49:34 UTC] PHP Deprecated:  Using ${var} in strings is deprecated, use {$var} instead in C:\xampp\htdocs\WEB-XPEED-BE\wp-content\plugins\mailpoet\lib\Util\Notices\DatabaseEngineNotice.php on line 100
[18-Nov-2024 11:49:36 UTC] PHP Deprecated:  Using ${var} in strings is deprecated, use {$var} instead in C:\xampp\htdocs\WEB-XPEED-BE\wp-content\plugins\mailpoet\lib\Util\Notices\DatabaseEngineNotice.php on line 100
[18-Nov-2024 11:53:01 UTC] PHP Deprecated:  Using ${var} in strings is deprecated, use {$var} instead in C:\xampp\htdocs\WEB-XPEED-BE\wp-content\plugins\mailpoet\lib\Util\Notices\DatabaseEngineNotice.php on line 100
[18-Nov-2024 11:53:03 UTC] PHP Deprecated:  Using ${var} in strings is deprecated, use {$var} instead in C:\xampp\htdocs\WEB-XPEED-BE\wp-content\plugins\mailpoet\lib\Util\Notices\DatabaseEngineNotice.php on line 100
[18-Nov-2024 11:53:04 UTC] PHP Deprecated:  Using ${var} in strings is deprecated, use {$var} instead in C:\xampp\htdocs\WEB-XPEED-BE\wp-content\plugins\mailpoet\lib\Util\Notices\DatabaseEngineNotice.php on line 100
[18-Nov-2024 11:53:05 UTC] PHP Deprecated:  Using ${var} in strings is deprecated, use {$var} instead in C:\xampp\htdocs\WEB-XPEED-BE\wp-content\plugins\mailpoet\lib\Util\Notices\DatabaseEngineNotice.php on line 100
[18-Nov-2024 11:53:08 UTC] PHP Deprecated:  Using ${var} in strings is deprecated, use {$var} instead in C:\xampp\htdocs\WEB-XPEED-BE\wp-content\plugins\mailpoet\lib\Util\Notices\DatabaseEngineNotice.php on line 100
[18-Nov-2024 11:53:08 UTC] PHP Deprecated:  Using ${var} in strings is deprecated, use {$var} instead in C:\xampp\htdocs\WEB-XPEED-BE\wp-content\plugins\mailpoet\lib\Util\Notices\DatabaseEngineNotice.php on line 100
[18-Nov-2024 11:53:10 UTC] PHP Deprecated:  Using ${var} in strings is deprecated, use {$var} instead in C:\xampp\htdocs\WEB-XPEED-BE\wp-content\plugins\mailpoet\lib\Util\Notices\DatabaseEngineNotice.php on line 100
[18-Nov-2024 11:53:10 UTC] PHP Deprecated:  Using ${var} in strings is deprecated, use {$var} instead in C:\xampp\htdocs\WEB-XPEED-BE\wp-content\plugins\mailpoet\lib\Util\Notices\DatabaseEngineNotice.php on line 100
[18-Nov-2024 11:54:49 UTC] PHP Deprecated:  Using ${var} in strings is deprecated, use {$var} instead in C:\xampp\htdocs\WEB-XPEED-BE\wp-content\plugins\mailpoet\lib\Util\Notices\DatabaseEngineNotice.php on line 100
[18-Nov-2024 11:54:51 UTC] PHP Deprecated:  Using ${var} in strings is deprecated, use {$var} instead in C:\xampp\htdocs\WEB-XPEED-BE\wp-content\plugins\mailpoet\lib\Util\Notices\DatabaseEngineNotice.php on line 100
[18-Nov-2024 11:54:52 UTC] PHP Deprecated:  Using ${var} in strings is deprecated, use {$var} instead in C:\xampp\htdocs\WEB-XPEED-BE\wp-content\plugins\mailpoet\lib\Util\Notices\DatabaseEngineNotice.php on line 100
[18-Nov-2024 11:54:57 UTC] PHP Deprecated:  Using ${var} in strings is deprecated, use {$var} instead in C:\xampp\htdocs\WEB-XPEED-BE\wp-content\plugins\mailpoet\lib\Util\Notices\DatabaseEngineNotice.php on line 100
[18-Nov-2024 11:54:59 UTC] PHP Deprecated:  Using ${var} in strings is deprecated, use {$var} instead in C:\xampp\htdocs\WEB-XPEED-BE\wp-content\plugins\mailpoet\lib\Util\Notices\DatabaseEngineNotice.php on line 100
[18-Nov-2024 11:54:59 UTC] PHP Deprecated:  Using ${var} in strings is deprecated, use {$var} instead in C:\xampp\htdocs\WEB-XPEED-BE\wp-content\plugins\mailpoet\lib\Util\Notices\DatabaseEngineNotice.php on line 100
[18-Nov-2024 11:55:01 UTC] PHP Deprecated:  Using ${var} in strings is deprecated, use {$var} instead in C:\xampp\htdocs\WEB-XPEED-BE\wp-content\plugins\mailpoet\lib\Util\Notices\DatabaseEngineNotice.php on line 100
[18-Nov-2024 11:55:02 UTC] PHP Notice:  session_start(): Ignoring session_start() because a session is already active in C:\xampp\htdocs\WEB-XPEED-BE\wp-content\themes\xpeed\header.php on line 2
[18-Nov-2024 11:55:03 UTC] PHP Deprecated:  Using ${var} in strings is deprecated, use {$var} instead in C:\xampp\htdocs\WEB-XPEED-BE\wp-content\plugins\mailpoet\lib\Util\Notices\DatabaseEngineNotice.php on line 100
[18-Nov-2024 11:55:07 UTC] PHP Deprecated:  Using ${var} in strings is deprecated, use {$var} instead in C:\xampp\htdocs\WEB-XPEED-BE\wp-content\plugins\mailpoet\lib\Util\Notices\DatabaseEngineNotice.php on line 100
[18-Nov-2024 11:55:09 UTC] PHP Deprecated:  Using ${var} in strings is deprecated, use {$var} instead in C:\xampp\htdocs\WEB-XPEED-BE\wp-content\plugins\mailpoet\lib\Util\Notices\DatabaseEngineNotice.php on line 100
[18-Nov-2024 11:55:26 UTC] PHP Deprecated:  Using ${var} in strings is deprecated, use {$var} instead in C:\xampp\htdocs\WEB-XPEED-BE\wp-content\plugins\mailpoet\lib\Util\Notices\DatabaseEngineNotice.php on line 100
[18-Nov-2024 11:55:28 UTC] PHP Deprecated:  Using ${var} in strings is deprecated, use {$var} instead in C:\xampp\htdocs\WEB-XPEED-BE\wp-content\plugins\mailpoet\lib\Util\Notices\DatabaseEngineNotice.php on line 100
[18-Nov-2024 11:57:26 UTC] PHP Deprecated:  Using ${var} in strings is deprecated, use {$var} instead in C:\xampp\htdocs\WEB-XPEED-BE\wp-content\plugins\mailpoet\lib\Util\Notices\DatabaseEngineNotice.php on line 100
[18-Nov-2024 11:57:28 UTC] PHP Deprecated:  Using ${var} in strings is deprecated, use {$var} instead in C:\xampp\htdocs\WEB-XPEED-BE\wp-content\plugins\mailpoet\lib\Util\Notices\DatabaseEngineNotice.php on line 100
[18-Nov-2024 11:57:30 UTC] PHP Deprecated:  Using ${var} in strings is deprecated, use {$var} instead in C:\xampp\htdocs\WEB-XPEED-BE\wp-content\plugins\mailpoet\lib\Util\Notices\DatabaseEngineNotice.php on line 100
[18-Nov-2024 11:57:31 UTC] PHP Deprecated:  Using ${var} in strings is deprecated, use {$var} instead in C:\xampp\htdocs\WEB-XPEED-BE\wp-content\plugins\mailpoet\lib\Util\Notices\DatabaseEngineNotice.php on line 100
[18-Nov-2024 11:57:31 UTC] PHP Deprecated:  Using ${var} in strings is deprecated, use {$var} instead in C:\xampp\htdocs\WEB-XPEED-BE\wp-content\plugins\mailpoet\lib\Util\Notices\DatabaseEngineNotice.php on line 100
[18-Nov-2024 11:57:34 UTC] PHP Deprecated:  Using ${var} in strings is deprecated, use {$var} instead in C:\xampp\htdocs\WEB-XPEED-BE\wp-content\plugins\mailpoet\lib\Util\Notices\DatabaseEngineNotice.php on line 100
[18-Nov-2024 11:57:34 UTC] PHP Deprecated:  Using ${var} in strings is deprecated, use {$var} instead in C:\xampp\htdocs\WEB-XPEED-BE\wp-content\plugins\mailpoet\lib\Util\Notices\DatabaseEngineNotice.php on line 100
[18-Nov-2024 11:57:35 UTC] PHP Deprecated:  Using ${var} in strings is deprecated, use {$var} instead in C:\xampp\htdocs\WEB-XPEED-BE\wp-content\plugins\mailpoet\lib\Util\Notices\DatabaseEngineNotice.php on line 100
[18-Nov-2024 11:57:51 UTC] PHP Deprecated:  Using ${var} in strings is deprecated, use {$var} instead in C:\xampp\htdocs\WEB-XPEED-BE\wp-content\plugins\mailpoet\lib\Util\Notices\DatabaseEngineNotice.php on line 100
[18-Nov-2024 11:57:53 UTC] PHP Deprecated:  Using ${var} in strings is deprecated, use {$var} instead in C:\xampp\htdocs\WEB-XPEED-BE\wp-content\plugins\mailpoet\lib\Util\Notices\DatabaseEngineNotice.php on line 100
[18-Nov-2024 11:57:54 UTC] PHP Deprecated:  Using ${var} in strings is deprecated, use {$var} instead in C:\xampp\htdocs\WEB-XPEED-BE\wp-content\plugins\mailpoet\lib\Util\Notices\DatabaseEngineNotice.php on line 100
[18-Nov-2024 11:57:55 UTC] PHP Notice:  session_start(): Ignoring session_start() because a session is already active in C:\xampp\htdocs\WEB-XPEED-BE\wp-content\themes\xpeed\header.php on line 2
[18-Nov-2024 11:57:56 UTC] PHP Deprecated:  Using ${var} in strings is deprecated, use {$var} instead in C:\xampp\htdocs\WEB-XPEED-BE\wp-content\plugins\mailpoet\lib\Util\Notices\DatabaseEngineNotice.php on line 100
[18-Nov-2024 11:57:58 UTC] PHP Deprecated:  Using ${var} in strings is deprecated, use {$var} instead in C:\xampp\htdocs\WEB-XPEED-BE\wp-content\plugins\mailpoet\lib\Util\Notices\DatabaseEngineNotice.php on line 100
[18-Nov-2024 11:58:00 UTC] PHP Deprecated:  Using ${var} in strings is deprecated, use {$var} instead in C:\xampp\htdocs\WEB-XPEED-BE\wp-content\plugins\mailpoet\lib\Util\Notices\DatabaseEngineNotice.php on line 100
[18-Nov-2024 11:58:38 UTC] PHP Deprecated:  Using ${var} in strings is deprecated, use {$var} instead in C:\xampp\htdocs\WEB-XPEED-BE\wp-content\plugins\mailpoet\lib\Util\Notices\DatabaseEngineNotice.php on line 100
[21-Nov-2024 03:20:16 UTC] PHP Warning:  mysqli_real_connect(): (HY000/2002): A connection attempt failed because the connected party did not properly respond after a period of time, or established connection failed because connected host has failed to respond in C:\xampp\htdocs\WEB-XPEED-BE\wp-includes\class-wpdb.php on line 1982
[21-Nov-2024 03:22:24 UTC] PHP Deprecated:  Using ${var} in strings is deprecated, use {$var} instead in C:\xampp\htdocs\WEB-XPEED-BE\wp-content\plugins\mailpoet\lib\Util\Notices\DatabaseEngineNotice.php on line 100
[21-Nov-2024 03:23:16 UTC] PHP Deprecated:  Using ${var} in strings is deprecated, use {$var} instead in C:\xampp\htdocs\WEB-XPEED-BE\wp-content\plugins\mailpoet\lib\Util\Notices\DatabaseEngineNotice.php on line 100
[21-Nov-2024 03:23:20 UTC] PHP Deprecated:  Using ${var} in strings is deprecated, use {$var} instead in C:\xampp\htdocs\WEB-XPEED-BE\wp-content\plugins\mailpoet\lib\Util\Notices\DatabaseEngineNotice.php on line 100
[21-Nov-2024 03:23:20 UTC] PHP Deprecated:  Using ${var} in strings is deprecated, use {$var} instead in C:\xampp\htdocs\WEB-XPEED-BE\wp-content\plugins\mailpoet\lib\Util\Notices\DatabaseEngineNotice.php on line 100
[21-Nov-2024 03:23:22 UTC] PHP Deprecated:  Using ${var} in strings is deprecated, use {$var} instead in C:\xampp\htdocs\WEB-XPEED-BE\wp-content\plugins\mailpoet\lib\Util\Notices\DatabaseEngineNotice.php on line 100
[21-Nov-2024 03:23:22 UTC] PHP Deprecated:  Using ${var} in strings is deprecated, use {$var} instead in C:\xampp\htdocs\WEB-XPEED-BE\wp-content\plugins\mailpoet\lib\Util\Notices\DatabaseEngineNotice.php on line 100
[21-Nov-2024 03:23:23 UTC] PHP Deprecated:  Using ${var} in strings is deprecated, use {$var} instead in C:\xampp\htdocs\WEB-XPEED-BE\wp-content\plugins\mailpoet\lib\Util\Notices\DatabaseEngineNotice.php on line 100
[21-Nov-2024 03:23:23 UTC] PHP Deprecated:  Using ${var} in strings is deprecated, use {$var} instead in C:\xampp\htdocs\WEB-XPEED-BE\wp-content\plugins\mailpoet\lib\Util\Notices\DatabaseEngineNotice.php on line 100
[21-Nov-2024 03:23:24 UTC] PHP Deprecated:  Using ${var} in strings is deprecated, use {$var} instead in C:\xampp\htdocs\WEB-XPEED-BE\wp-content\plugins\mailpoet\lib\Util\Notices\DatabaseEngineNotice.php on line 100
[21-Nov-2024 03:23:25 UTC] PHP Deprecated:  Using ${var} in strings is deprecated, use {$var} instead in C:\xampp\htdocs\WEB-XPEED-BE\wp-content\plugins\mailpoet\lib\Util\Notices\DatabaseEngineNotice.php on line 100
[21-Nov-2024 03:23:25 UTC] PHP Deprecated:  Using ${var} in strings is deprecated, use {$var} instead in C:\xampp\htdocs\WEB-XPEED-BE\wp-content\plugins\mailpoet\lib\Util\Notices\DatabaseEngineNotice.php on line 100
[21-Nov-2024 03:23:28 UTC] PHP Deprecated:  Using ${var} in strings is deprecated, use {$var} instead in C:\xampp\htdocs\WEB-XPEED-BE\wp-content\plugins\mailpoet\lib\Util\Notices\DatabaseEngineNotice.php on line 100
[21-Nov-2024 03:23:36 UTC] PHP Deprecated:  Using ${var} in strings is deprecated, use {$var} instead in C:\xampp\htdocs\WEB-XPEED-BE\wp-content\plugins\mailpoet\lib\Util\Notices\DatabaseEngineNotice.php on line 100
[21-Nov-2024 03:23:36 UTC] PHP Deprecated:  Using ${var} in strings is deprecated, use {$var} instead in C:\xampp\htdocs\WEB-XPEED-BE\wp-content\plugins\mailpoet\lib\Util\Notices\DatabaseEngineNotice.php on line 100
[21-Nov-2024 03:23:37 UTC] Automatic updates starting...
[21-Nov-2024 03:23:38 UTC] PHP Deprecated:  Using ${var} in strings is deprecated, use {$var} instead in C:\xampp\htdocs\WEB-XPEED-BE\wp-content\plugins\mailpoet\lib\Util\Notices\DatabaseEngineNotice.php on line 100
[21-Nov-2024 03:23:39 UTC]   Automatic plugin updates starting...
[21-Nov-2024 03:23:39 UTC]   Automatic plugin updates complete.
[21-Nov-2024 03:23:40 UTC] Automatic updates complete.
[21-Nov-2024 03:23:51 UTC] PHP Deprecated:  Using ${var} in strings is deprecated, use {$var} instead in C:\xampp\htdocs\WEB-XPEED-BE\wp-content\plugins\mailpoet\lib\Util\Notices\DatabaseEngineNotice.php on line 100
[21-Nov-2024 03:23:54 UTC] PHP Deprecated:  Using ${var} in strings is deprecated, use {$var} instead in C:\xampp\htdocs\WEB-XPEED-BE\wp-content\plugins\mailpoet\lib\Util\Notices\DatabaseEngineNotice.php on line 100
[21-Nov-2024 03:23:56 UTC] PHP Deprecated:  Using ${var} in strings is deprecated, use {$var} instead in C:\xampp\htdocs\WEB-XPEED-BE\wp-content\plugins\mailpoet\lib\Util\Notices\DatabaseEngineNotice.php on line 100
[21-Nov-2024 03:23:59 UTC] PHP Deprecated:  Using ${var} in strings is deprecated, use {$var} instead in C:\xampp\htdocs\WEB-XPEED-BE\wp-content\plugins\mailpoet\lib\Util\Notices\DatabaseEngineNotice.php on line 100
[21-Nov-2024 03:30:56 UTC] PHP Deprecated:  Using ${var} in strings is deprecated, use {$var} instead in C:\xampp\htdocs\WEB-XPEED-BE\wp-content\plugins\mailpoet\lib\Util\Notices\DatabaseEngineNotice.php on line 100
[21-Nov-2024 03:30:59 UTC] PHP Deprecated:  Using ${var} in strings is deprecated, use {$var} instead in C:\xampp\htdocs\WEB-XPEED-BE\wp-content\plugins\mailpoet\lib\Util\Notices\DatabaseEngineNotice.php on line 100
[21-Nov-2024 03:30:59 UTC] PHP Deprecated:  Using ${var} in strings is deprecated, use {$var} instead in C:\xampp\htdocs\WEB-XPEED-BE\wp-content\plugins\mailpoet\lib\Util\Notices\DatabaseEngineNotice.php on line 100
[21-Nov-2024 03:31:05 UTC] PHP Deprecated:  Using ${var} in strings is deprecated, use {$var} instead in C:\xampp\htdocs\WEB-XPEED-BE\wp-content\plugins\mailpoet\lib\Util\Notices\DatabaseEngineNotice.php on line 100
[21-Nov-2024 03:31:10 UTC] PHP Deprecated:  Using ${var} in strings is deprecated, use {$var} instead in C:\xampp\htdocs\WEB-XPEED-BE\wp-content\plugins\mailpoet\lib\Util\Notices\DatabaseEngineNotice.php on line 100
[21-Nov-2024 03:31:14 UTC] PHP Deprecated:  Using ${var} in strings is deprecated, use {$var} instead in C:\xampp\htdocs\WEB-XPEED-BE\wp-content\plugins\mailpoet\lib\Util\Notices\DatabaseEngineNotice.php on line 100
[21-Nov-2024 03:31:17 UTC] PHP Deprecated:  Using ${var} in strings is deprecated, use {$var} instead in C:\xampp\htdocs\WEB-XPEED-BE\wp-content\plugins\mailpoet\lib\Util\Notices\DatabaseEngineNotice.php on line 100
[21-Nov-2024 03:31:17 UTC] PHP Deprecated:  Using ${var} in strings is deprecated, use {$var} instead in C:\xampp\htdocs\WEB-XPEED-BE\wp-content\plugins\mailpoet\lib\Util\Notices\DatabaseEngineNotice.php on line 100
[21-Nov-2024 03:31:17 UTC] PHP Deprecated:  Using ${var} in strings is deprecated, use {$var} instead in C:\xampp\htdocs\WEB-XPEED-BE\wp-content\plugins\mailpoet\lib\Util\Notices\DatabaseEngineNotice.php on line 100
[21-Nov-2024 03:31:18 UTC] PHP Deprecated:  Using ${var} in strings is deprecated, use {$var} instead in C:\xampp\htdocs\WEB-XPEED-BE\wp-content\plugins\mailpoet\lib\Util\Notices\DatabaseEngineNotice.php on line 100
[21-Nov-2024 03:31:18 UTC] PHP Deprecated:  Using ${var} in strings is deprecated, use {$var} instead in C:\xampp\htdocs\WEB-XPEED-BE\wp-content\plugins\mailpoet\lib\Util\Notices\DatabaseEngineNotice.php on line 100
[21-Nov-2024 03:31:18 UTC] PHP Deprecated:  Using ${var} in strings is deprecated, use {$var} instead in C:\xampp\htdocs\WEB-XPEED-BE\wp-content\plugins\mailpoet\lib\Util\Notices\DatabaseEngineNotice.php on line 100
[21-Nov-2024 03:31:20 UTC] PHP Deprecated:  Using ${var} in strings is deprecated, use {$var} instead in C:\xampp\htdocs\WEB-XPEED-BE\wp-content\plugins\mailpoet\lib\Util\Notices\DatabaseEngineNotice.php on line 100
[21-Nov-2024 03:31:20 UTC] PHP Deprecated:  Using ${var} in strings is deprecated, use {$var} instead in C:\xampp\htdocs\WEB-XPEED-BE\wp-content\plugins\mailpoet\lib\Util\Notices\DatabaseEngineNotice.php on line 100
[21-Nov-2024 03:31:22 UTC] PHP Deprecated:  Using ${var} in strings is deprecated, use {$var} instead in C:\xampp\htdocs\WEB-XPEED-BE\wp-content\plugins\mailpoet\lib\Util\Notices\DatabaseEngineNotice.php on line 100
[21-Nov-2024 03:31:32 UTC] PHP Deprecated:  Using ${var} in strings is deprecated, use {$var} instead in C:\xampp\htdocs\WEB-XPEED-BE\wp-content\plugins\mailpoet\lib\Util\Notices\DatabaseEngineNotice.php on line 100
[21-Nov-2024 03:31:34 UTC] PHP Deprecated:  Using ${var} in strings is deprecated, use {$var} instead in C:\xampp\htdocs\WEB-XPEED-BE\wp-content\plugins\mailpoet\lib\Util\Notices\DatabaseEngineNotice.php on line 100
[21-Nov-2024 03:33:27 UTC] PHP Deprecated:  Using ${var} in strings is deprecated, use {$var} instead in C:\xampp\htdocs\WEB-XPEED-BE\wp-content\plugins\mailpoet\lib\Util\Notices\DatabaseEngineNotice.php on line 100
[21-Nov-2024 03:33:29 UTC] PHP Deprecated:  Using ${var} in strings is deprecated, use {$var} instead in C:\xampp\htdocs\WEB-XPEED-BE\wp-content\plugins\mailpoet\lib\Util\Notices\DatabaseEngineNotice.php on line 100
[21-Nov-2024 03:33:30 UTC] PHP Deprecated:  Using ${var} in strings is deprecated, use {$var} instead in C:\xampp\htdocs\WEB-XPEED-BE\wp-content\plugins\mailpoet\lib\Util\Notices\DatabaseEngineNotice.php on line 100
[21-Nov-2024 03:33:32 UTC] PHP Notice:  session_start(): Ignoring session_start() because a session is already active in C:\xampp\htdocs\WEB-XPEED-BE\wp-content\themes\xpeed\header.php on line 2
[21-Nov-2024 03:33:32 UTC] PHP Deprecated:  Using ${var} in strings is deprecated, use {$var} instead in C:\xampp\htdocs\WEB-XPEED-BE\wp-content\plugins\mailpoet\lib\Util\Notices\DatabaseEngineNotice.php on line 100
[21-Nov-2024 03:33:36 UTC] PHP Deprecated:  Using ${var} in strings is deprecated, use {$var} instead in C:\xampp\htdocs\WEB-XPEED-BE\wp-content\plugins\mailpoet\lib\Util\Notices\DatabaseEngineNotice.php on line 100
[21-Nov-2024 03:33:37 UTC] PHP Deprecated:  Using ${var} in strings is deprecated, use {$var} instead in C:\xampp\htdocs\WEB-XPEED-BE\wp-content\plugins\mailpoet\lib\Util\Notices\DatabaseEngineNotice.php on line 100
[21-Nov-2024 03:37:05 UTC] PHP Deprecated:  Using ${var} in strings is deprecated, use {$var} instead in C:\xampp\htdocs\WEB-XPEED-BE\wp-content\plugins\mailpoet\lib\Util\Notices\DatabaseEngineNotice.php on line 100
[21-Nov-2024 03:37:07 UTC] PHP Deprecated:  Using ${var} in strings is deprecated, use {$var} instead in C:\xampp\htdocs\WEB-XPEED-BE\wp-content\plugins\mailpoet\lib\Util\Notices\DatabaseEngineNotice.php on line 100
[21-Nov-2024 03:37:08 UTC] PHP Notice:  session_start(): Ignoring session_start() because a session is already active in C:\xampp\htdocs\WEB-XPEED-BE\wp-content\themes\xpeed\header.php on line 2
[21-Nov-2024 03:37:10 UTC] PHP Deprecated:  Using ${var} in strings is deprecated, use {$var} instead in C:\xampp\htdocs\WEB-XPEED-BE\wp-content\plugins\mailpoet\lib\Util\Notices\DatabaseEngineNotice.php on line 100
[21-Nov-2024 03:37:14 UTC] PHP Deprecated:  Using ${var} in strings is deprecated, use {$var} instead in C:\xampp\htdocs\WEB-XPEED-BE\wp-content\plugins\mailpoet\lib\Util\Notices\DatabaseEngineNotice.php on line 100
[21-Nov-2024 03:37:15 UTC] PHP Deprecated:  Using ${var} in strings is deprecated, use {$var} instead in C:\xampp\htdocs\WEB-XPEED-BE\wp-content\plugins\mailpoet\lib\Util\Notices\DatabaseEngineNotice.php on line 100
[21-Nov-2024 03:37:19 UTC] PHP Deprecated:  Using ${var} in strings is deprecated, use {$var} instead in C:\xampp\htdocs\WEB-XPEED-BE\wp-content\plugins\mailpoet\lib\Util\Notices\DatabaseEngineNotice.php on line 100
[21-Nov-2024 03:37:20 UTC] PHP Notice:  session_start(): Ignoring session_start() because a session is already active in C:\xampp\htdocs\WEB-XPEED-BE\wp-content\themes\xpeed\header.php on line 2
[21-Nov-2024 03:37:22 UTC] PHP Deprecated:  Using ${var} in strings is deprecated, use {$var} instead in C:\xampp\htdocs\WEB-XPEED-BE\wp-content\plugins\mailpoet\lib\Util\Notices\DatabaseEngineNotice.php on line 100
[21-Nov-2024 03:37:50 UTC] PHP Deprecated:  Using ${var} in strings is deprecated, use {$var} instead in C:\xampp\htdocs\WEB-XPEED-BE\wp-content\plugins\mailpoet\lib\Util\Notices\DatabaseEngineNotice.php on line 100
[21-Nov-2024 03:37:52 UTC] PHP Deprecated:  Using ${var} in strings is deprecated, use {$var} instead in C:\xampp\htdocs\WEB-XPEED-BE\wp-content\plugins\mailpoet\lib\Util\Notices\DatabaseEngineNotice.php on line 100
[21-Nov-2024 03:37:53 UTC] PHP Deprecated:  Using ${var} in strings is deprecated, use {$var} instead in C:\xampp\htdocs\WEB-XPEED-BE\wp-content\plugins\mailpoet\lib\Util\Notices\DatabaseEngineNotice.php on line 100
[21-Nov-2024 03:37:54 UTC] PHP Notice:  session_start(): Ignoring session_start() because a session is already active in C:\xampp\htdocs\WEB-XPEED-BE\wp-content\themes\xpeed\header.php on line 2
[21-Nov-2024 03:38:01 UTC] PHP Deprecated:  Using ${var} in strings is deprecated, use {$var} instead in C:\xampp\htdocs\WEB-XPEED-BE\wp-content\plugins\mailpoet\lib\Util\Notices\DatabaseEngineNotice.php on line 100
[21-Nov-2024 03:38:03 UTC] PHP Deprecated:  Using ${var} in strings is deprecated, use {$var} instead in C:\xampp\htdocs\WEB-XPEED-BE\wp-content\plugins\mailpoet\lib\Util\Notices\DatabaseEngineNotice.php on line 100
[21-Nov-2024 03:39:20 UTC] PHP Deprecated:  Using ${var} in strings is deprecated, use {$var} instead in C:\xampp\htdocs\WEB-XPEED-BE\wp-content\plugins\mailpoet\lib\Util\Notices\DatabaseEngineNotice.php on line 100
[21-Nov-2024 03:39:22 UTC] PHP Deprecated:  Using ${var} in strings is deprecated, use {$var} instead in C:\xampp\htdocs\WEB-XPEED-BE\wp-content\plugins\mailpoet\lib\Util\Notices\DatabaseEngineNotice.php on line 100
[21-Nov-2024 03:39:23 UTC] PHP Notice:  session_start(): Ignoring session_start() because a session is already active in C:\xampp\htdocs\WEB-XPEED-BE\wp-content\themes\xpeed\header.php on line 2
[21-Nov-2024 03:39:26 UTC] PHP Deprecated:  Using ${var} in strings is deprecated, use {$var} instead in C:\xampp\htdocs\WEB-XPEED-BE\wp-content\plugins\mailpoet\lib\Util\Notices\DatabaseEngineNotice.php on line 100
[21-Nov-2024 03:39:30 UTC] PHP Deprecated:  Using ${var} in strings is deprecated, use {$var} instead in C:\xampp\htdocs\WEB-XPEED-BE\wp-content\plugins\mailpoet\lib\Util\Notices\DatabaseEngineNotice.php on line 100
[21-Nov-2024 03:39:31 UTC] PHP Deprecated:  Using ${var} in strings is deprecated, use {$var} instead in C:\xampp\htdocs\WEB-XPEED-BE\wp-content\plugins\mailpoet\lib\Util\Notices\DatabaseEngineNotice.php on line 100
[21-Nov-2024 03:40:22 UTC] PHP Deprecated:  Using ${var} in strings is deprecated, use {$var} instead in C:\xampp\htdocs\WEB-XPEED-BE\wp-content\plugins\mailpoet\lib\Util\Notices\DatabaseEngineNotice.php on line 100
[21-Nov-2024 03:40:24 UTC] PHP Deprecated:  Using ${var} in strings is deprecated, use {$var} instead in C:\xampp\htdocs\WEB-XPEED-BE\wp-content\plugins\mailpoet\lib\Util\Notices\DatabaseEngineNotice.php on line 100
[21-Nov-2024 03:40:24 UTC] PHP Notice:  session_start(): Ignoring session_start() because a session is already active in C:\xampp\htdocs\WEB-XPEED-BE\wp-content\themes\xpeed\header.php on line 2
[21-Nov-2024 03:40:39 UTC] PHP Deprecated:  Using ${var} in strings is deprecated, use {$var} instead in C:\xampp\htdocs\WEB-XPEED-BE\wp-content\plugins\mailpoet\lib\Util\Notices\DatabaseEngineNotice.php on line 100
[21-Nov-2024 03:40:41 UTC] PHP Notice:  session_start(): Ignoring session_start() because a session is already active in C:\xampp\htdocs\WEB-XPEED-BE\wp-content\themes\xpeed\header.php on line 2
[21-Nov-2024 03:41:32 UTC] PHP Deprecated:  Using ${var} in strings is deprecated, use {$var} instead in C:\xampp\htdocs\WEB-XPEED-BE\wp-content\plugins\mailpoet\lib\Util\Notices\DatabaseEngineNotice.php on line 100
[21-Nov-2024 03:41:34 UTC] PHP Deprecated:  Using ${var} in strings is deprecated, use {$var} instead in C:\xampp\htdocs\WEB-XPEED-BE\wp-content\plugins\mailpoet\lib\Util\Notices\DatabaseEngineNotice.php on line 100
[21-Nov-2024 03:41:35 UTC] PHP Notice:  session_start(): Ignoring session_start() because a session is already active in C:\xampp\htdocs\WEB-XPEED-BE\wp-content\themes\xpeed\header.php on line 2
[21-Nov-2024 03:41:37 UTC] PHP Deprecated:  Using ${var} in strings is deprecated, use {$var} instead in C:\xampp\htdocs\WEB-XPEED-BE\wp-content\plugins\mailpoet\lib\Util\Notices\DatabaseEngineNotice.php on line 100
[21-Nov-2024 03:41:41 UTC] PHP Deprecated:  Using ${var} in strings is deprecated, use {$var} instead in C:\xampp\htdocs\WEB-XPEED-BE\wp-content\plugins\mailpoet\lib\Util\Notices\DatabaseEngineNotice.php on line 100
[21-Nov-2024 03:41:42 UTC] PHP Deprecated:  Using ${var} in strings is deprecated, use {$var} instead in C:\xampp\htdocs\WEB-XPEED-BE\wp-content\plugins\mailpoet\lib\Util\Notices\DatabaseEngineNotice.php on line 100
[21-Nov-2024 03:42:03 UTC] PHP Deprecated:  Using ${var} in strings is deprecated, use {$var} instead in C:\xampp\htdocs\WEB-XPEED-BE\wp-content\plugins\mailpoet\lib\Util\Notices\DatabaseEngineNotice.php on line 100
[21-Nov-2024 03:42:05 UTC] PHP Deprecated:  Using ${var} in strings is deprecated, use {$var} instead in C:\xampp\htdocs\WEB-XPEED-BE\wp-content\plugins\mailpoet\lib\Util\Notices\DatabaseEngineNotice.php on line 100
[21-Nov-2024 03:42:06 UTC] PHP Deprecated:  Using ${var} in strings is deprecated, use {$var} instead in C:\xampp\htdocs\WEB-XPEED-BE\wp-content\plugins\mailpoet\lib\Util\Notices\DatabaseEngineNotice.php on line 100
[21-Nov-2024 03:42:09 UTC] PHP Deprecated:  Using ${var} in strings is deprecated, use {$var} instead in C:\xampp\htdocs\WEB-XPEED-BE\wp-content\plugins\mailpoet\lib\Util\Notices\DatabaseEngineNotice.php on line 100
[21-Nov-2024 03:43:02 UTC] PHP Deprecated:  Using ${var} in strings is deprecated, use {$var} instead in C:\xampp\htdocs\WEB-XPEED-BE\wp-content\plugins\mailpoet\lib\Util\Notices\DatabaseEngineNotice.php on line 100
[21-Nov-2024 03:43:04 UTC] PHP Deprecated:  Using ${var} in strings is deprecated, use {$var} instead in C:\xampp\htdocs\WEB-XPEED-BE\wp-content\plugins\mailpoet\lib\Util\Notices\DatabaseEngineNotice.php on line 100
[21-Nov-2024 03:43:06 UTC] PHP Deprecated:  Using ${var} in strings is deprecated, use {$var} instead in C:\xampp\htdocs\WEB-XPEED-BE\wp-content\plugins\mailpoet\lib\Util\Notices\DatabaseEngineNotice.php on line 100
[21-Nov-2024 03:44:17 UTC] PHP Deprecated:  Using ${var} in strings is deprecated, use {$var} instead in C:\xampp\htdocs\WEB-XPEED-BE\wp-content\plugins\mailpoet\lib\Util\Notices\DatabaseEngineNotice.php on line 100
[21-Nov-2024 03:44:19 UTC] PHP Deprecated:  Using ${var} in strings is deprecated, use {$var} instead in C:\xampp\htdocs\WEB-XPEED-BE\wp-content\plugins\mailpoet\lib\Util\Notices\DatabaseEngineNotice.php on line 100
[21-Nov-2024 03:44:21 UTC] PHP Deprecated:  Using ${var} in strings is deprecated, use {$var} instead in C:\xampp\htdocs\WEB-XPEED-BE\wp-content\plugins\mailpoet\lib\Util\Notices\DatabaseEngineNotice.php on line 100
[21-Nov-2024 03:44:23 UTC] PHP Deprecated:  Using ${var} in strings is deprecated, use {$var} instead in C:\xampp\htdocs\WEB-XPEED-BE\wp-content\plugins\mailpoet\lib\Util\Notices\DatabaseEngineNotice.php on line 100
[21-Nov-2024 03:44:27 UTC] PHP Deprecated:  Using ${var} in strings is deprecated, use {$var} instead in C:\xampp\htdocs\WEB-XPEED-BE\wp-content\plugins\mailpoet\lib\Util\Notices\DatabaseEngineNotice.php on line 100
[21-Nov-2024 03:44:30 UTC] PHP Deprecated:  Using ${var} in strings is deprecated, use {$var} instead in C:\xampp\htdocs\WEB-XPEED-BE\wp-content\plugins\mailpoet\lib\Util\Notices\DatabaseEngineNotice.php on line 100
[21-Nov-2024 03:44:39 UTC] PHP Deprecated:  Using ${var} in strings is deprecated, use {$var} instead in C:\xampp\htdocs\WEB-XPEED-BE\wp-content\plugins\mailpoet\lib\Util\Notices\DatabaseEngineNotice.php on line 100
[21-Nov-2024 03:44:55 UTC] PHP Deprecated:  Using ${var} in strings is deprecated, use {$var} instead in C:\xampp\htdocs\WEB-XPEED-BE\wp-content\plugins\mailpoet\lib\Util\Notices\DatabaseEngineNotice.php on line 100
[21-Nov-2024 03:44:57 UTC] PHP Deprecated:  Using ${var} in strings is deprecated, use {$var} instead in C:\xampp\htdocs\WEB-XPEED-BE\wp-content\plugins\mailpoet\lib\Util\Notices\DatabaseEngineNotice.php on line 100
[21-Nov-2024 03:44:59 UTC] PHP Deprecated:  Using ${var} in strings is deprecated, use {$var} instead in C:\xampp\htdocs\WEB-XPEED-BE\wp-content\plugins\mailpoet\lib\Util\Notices\DatabaseEngineNotice.php on line 100
[21-Nov-2024 03:45:06 UTC] PHP Deprecated:  Using ${var} in strings is deprecated, use {$var} instead in C:\xampp\htdocs\WEB-XPEED-BE\wp-content\plugins\mailpoet\lib\Util\Notices\DatabaseEngineNotice.php on line 100
[21-Nov-2024 03:45:08 UTC] PHP Deprecated:  Using ${var} in strings is deprecated, use {$var} instead in C:\xampp\htdocs\WEB-XPEED-BE\wp-content\plugins\mailpoet\lib\Util\Notices\DatabaseEngineNotice.php on line 100
[21-Nov-2024 03:52:08 UTC] PHP Deprecated:  Using ${var} in strings is deprecated, use {$var} instead in C:\xampp\htdocs\WEB-XPEED-BE\wp-content\plugins\mailpoet\lib\Util\Notices\DatabaseEngineNotice.php on line 100
[21-Nov-2024 03:52:11 UTC] PHP Deprecated:  Using ${var} in strings is deprecated, use {$var} instead in C:\xampp\htdocs\WEB-XPEED-BE\wp-content\plugins\mailpoet\lib\Util\Notices\DatabaseEngineNotice.php on line 100
[21-Nov-2024 03:52:12 UTC] PHP Deprecated:  Using ${var} in strings is deprecated, use {$var} instead in C:\xampp\htdocs\WEB-XPEED-BE\wp-content\plugins\mailpoet\lib\Util\Notices\DatabaseEngineNotice.php on line 100
[21-Nov-2024 03:52:14 UTC] PHP Deprecated:  Using ${var} in strings is deprecated, use {$var} instead in C:\xampp\htdocs\WEB-XPEED-BE\wp-content\plugins\mailpoet\lib\Util\Notices\DatabaseEngineNotice.php on line 100
[21-Nov-2024 03:52:18 UTC] PHP Deprecated:  Using ${var} in strings is deprecated, use {$var} instead in C:\xampp\htdocs\WEB-XPEED-BE\wp-content\plugins\mailpoet\lib\Util\Notices\DatabaseEngineNotice.php on line 100
[21-Nov-2024 03:52:19 UTC] PHP Deprecated:  Using ${var} in strings is deprecated, use {$var} instead in C:\xampp\htdocs\WEB-XPEED-BE\wp-content\plugins\mailpoet\lib\Util\Notices\DatabaseEngineNotice.php on line 100
[21-Nov-2024 03:52:24 UTC] PHP Deprecated:  Using ${var} in strings is deprecated, use {$var} instead in C:\xampp\htdocs\WEB-XPEED-BE\wp-content\plugins\mailpoet\lib\Util\Notices\DatabaseEngineNotice.php on line 100
[21-Nov-2024 03:52:26 UTC] PHP Deprecated:  Using ${var} in strings is deprecated, use {$var} instead in C:\xampp\htdocs\WEB-XPEED-BE\wp-content\plugins\mailpoet\lib\Util\Notices\DatabaseEngineNotice.php on line 100
[21-Nov-2024 03:53:31 UTC] PHP Deprecated:  Using ${var} in strings is deprecated, use {$var} instead in C:\xampp\htdocs\WEB-XPEED-BE\wp-content\plugins\mailpoet\lib\Util\Notices\DatabaseEngineNotice.php on line 100
[21-Nov-2024 03:53:32 UTC] PHP Deprecated:  Using ${var} in strings is deprecated, use {$var} instead in C:\xampp\htdocs\WEB-XPEED-BE\wp-content\plugins\mailpoet\lib\Util\Notices\DatabaseEngineNotice.php on line 100
[21-Nov-2024 03:53:34 UTC] PHP Deprecated:  Using ${var} in strings is deprecated, use {$var} instead in C:\xampp\htdocs\WEB-XPEED-BE\wp-content\plugins\mailpoet\lib\Util\Notices\DatabaseEngineNotice.php on line 100
[21-Nov-2024 03:53:44 UTC] PHP Deprecated:  Using ${var} in strings is deprecated, use {$var} instead in C:\xampp\htdocs\WEB-XPEED-BE\wp-content\plugins\mailpoet\lib\Util\Notices\DatabaseEngineNotice.php on line 100
[21-Nov-2024 03:53:46 UTC] PHP Deprecated:  Using ${var} in strings is deprecated, use {$var} instead in C:\xampp\htdocs\WEB-XPEED-BE\wp-content\plugins\mailpoet\lib\Util\Notices\DatabaseEngineNotice.php on line 100
[21-Nov-2024 03:59:00 UTC] PHP Deprecated:  Using ${var} in strings is deprecated, use {$var} instead in C:\xampp\htdocs\WEB-XPEED-BE\wp-content\plugins\mailpoet\lib\Util\Notices\DatabaseEngineNotice.php on line 100
[21-Nov-2024 03:59:02 UTC] PHP Deprecated:  Using ${var} in strings is deprecated, use {$var} instead in C:\xampp\htdocs\WEB-XPEED-BE\wp-content\plugins\mailpoet\lib\Util\Notices\DatabaseEngineNotice.php on line 100
[21-Nov-2024 03:59:03 UTC] PHP Warning:  Undefined array key "items_subtotal" in C:\xampp\htdocs\WEB-XPEED-BE\wp-content\themes\xpeed\templates\tml-order-detail.php on line 256
[21-Nov-2024 03:59:03 UTC] PHP Warning:  Undefined array key "fee_total" in C:\xampp\htdocs\WEB-XPEED-BE\wp-content\themes\xpeed\templates\tml-order-detail.php on line 268
[21-Nov-2024 03:59:04 UTC] PHP Deprecated:  Using ${var} in strings is deprecated, use {$var} instead in C:\xampp\htdocs\WEB-XPEED-BE\wp-content\plugins\mailpoet\lib\Util\Notices\DatabaseEngineNotice.php on line 100
[21-Nov-2024 03:59:05 UTC] PHP Deprecated:  Using ${var} in strings is deprecated, use {$var} instead in C:\xampp\htdocs\WEB-XPEED-BE\wp-content\plugins\mailpoet\lib\Util\Notices\DatabaseEngineNotice.php on line 100
[21-Nov-2024 03:59:09 UTC] PHP Deprecated:  Using ${var} in strings is deprecated, use {$var} instead in C:\xampp\htdocs\WEB-XPEED-BE\wp-content\plugins\mailpoet\lib\Util\Notices\DatabaseEngineNotice.php on line 100
[21-Nov-2024 03:59:10 UTC] PHP Deprecated:  Using ${var} in strings is deprecated, use {$var} instead in C:\xampp\htdocs\WEB-XPEED-BE\wp-content\plugins\mailpoet\lib\Util\Notices\DatabaseEngineNotice.php on line 100
[21-Nov-2024 03:59:32 UTC] PHP Deprecated:  Using ${var} in strings is deprecated, use {$var} instead in C:\xampp\htdocs\WEB-XPEED-BE\wp-content\plugins\mailpoet\lib\Util\Notices\DatabaseEngineNotice.php on line 100
[21-Nov-2024 03:59:34 UTC] PHP Warning:  Undefined array key "items_subtotal" in C:\xampp\htdocs\WEB-XPEED-BE\wp-content\themes\xpeed\templates\tml-order-detail.php on line 184
[21-Nov-2024 03:59:34 UTC] PHP Warning:  Undefined array key "fee_total" in C:\xampp\htdocs\WEB-XPEED-BE\wp-content\themes\xpeed\templates\tml-order-detail.php on line 196
[21-Nov-2024 03:59:35 UTC] PHP Deprecated:  Using ${var} in strings is deprecated, use {$var} instead in C:\xampp\htdocs\WEB-XPEED-BE\wp-content\plugins\mailpoet\lib\Util\Notices\DatabaseEngineNotice.php on line 100
[21-Nov-2024 04:02:15 UTC] PHP Deprecated:  Using ${var} in strings is deprecated, use {$var} instead in C:\xampp\htdocs\WEB-XPEED-BE\wp-content\plugins\mailpoet\lib\Util\Notices\DatabaseEngineNotice.php on line 100
[21-Nov-2024 04:02:17 UTC] PHP Deprecated:  Using ${var} in strings is deprecated, use {$var} instead in C:\xampp\htdocs\WEB-XPEED-BE\wp-content\plugins\mailpoet\lib\Util\Notices\DatabaseEngineNotice.php on line 100
[21-Nov-2024 04:02:18 UTC] PHP Warning:  Undefined array key "items_subtotal" in C:\xampp\htdocs\WEB-XPEED-BE\wp-content\themes\xpeed\templates\tml-order-detail.php on line 184
[21-Nov-2024 04:02:18 UTC] PHP Warning:  Undefined array key "fee_total" in C:\xampp\htdocs\WEB-XPEED-BE\wp-content\themes\xpeed\templates\tml-order-detail.php on line 196
[21-Nov-2024 04:02:19 UTC] PHP Deprecated:  Using ${var} in strings is deprecated, use {$var} instead in C:\xampp\htdocs\WEB-XPEED-BE\wp-content\plugins\mailpoet\lib\Util\Notices\DatabaseEngineNotice.php on line 100
[21-Nov-2024 04:02:21 UTC] PHP Deprecated:  Using ${var} in strings is deprecated, use {$var} instead in C:\xampp\htdocs\WEB-XPEED-BE\wp-content\plugins\mailpoet\lib\Util\Notices\DatabaseEngineNotice.php on line 100
[21-Nov-2024 04:02:24 UTC] PHP Deprecated:  Using ${var} in strings is deprecated, use {$var} instead in C:\xampp\htdocs\WEB-XPEED-BE\wp-content\plugins\mailpoet\lib\Util\Notices\DatabaseEngineNotice.php on line 100
[21-Nov-2024 04:02:28 UTC] PHP Deprecated:  Using ${var} in strings is deprecated, use {$var} instead in C:\xampp\htdocs\WEB-XPEED-BE\wp-content\plugins\mailpoet\lib\Util\Notices\DatabaseEngineNotice.php on line 100
[21-Nov-2024 04:03:14 UTC] PHP Deprecated:  Using ${var} in strings is deprecated, use {$var} instead in C:\xampp\htdocs\WEB-XPEED-BE\wp-content\plugins\mailpoet\lib\Util\Notices\DatabaseEngineNotice.php on line 100
[21-Nov-2024 04:03:16 UTC] PHP Deprecated:  Using ${var} in strings is deprecated, use {$var} instead in C:\xampp\htdocs\WEB-XPEED-BE\wp-content\plugins\mailpoet\lib\Util\Notices\DatabaseEngineNotice.php on line 100
[21-Nov-2024 04:03:16 UTC] PHP Warning:  Undefined array key "items_subtotal" in C:\xampp\htdocs\WEB-XPEED-BE\wp-content\themes\xpeed\templates\tml-order-detail.php on line 184
[21-Nov-2024 04:03:16 UTC] PHP Warning:  Undefined array key "fee_total" in C:\xampp\htdocs\WEB-XPEED-BE\wp-content\themes\xpeed\templates\tml-order-detail.php on line 196
[21-Nov-2024 04:03:17 UTC] PHP Deprecated:  Using ${var} in strings is deprecated, use {$var} instead in C:\xampp\htdocs\WEB-XPEED-BE\wp-content\plugins\mailpoet\lib\Util\Notices\DatabaseEngineNotice.php on line 100
[21-Nov-2024 04:04:30 UTC] PHP Deprecated:  Using ${var} in strings is deprecated, use {$var} instead in C:\xampp\htdocs\WEB-XPEED-BE\wp-content\plugins\mailpoet\lib\Util\Notices\DatabaseEngineNotice.php on line 100
[21-Nov-2024 04:04:32 UTC] PHP Deprecated:  Using ${var} in strings is deprecated, use {$var} instead in C:\xampp\htdocs\WEB-XPEED-BE\wp-content\plugins\mailpoet\lib\Util\Notices\DatabaseEngineNotice.php on line 100
[21-Nov-2024 04:04:33 UTC] PHP Warning:  Undefined array key "items_subtotal" in C:\xampp\htdocs\WEB-XPEED-BE\wp-content\themes\xpeed\templates\tml-order-detail.php on line 184
[21-Nov-2024 04:04:33 UTC] PHP Warning:  Undefined array key "fee_total" in C:\xampp\htdocs\WEB-XPEED-BE\wp-content\themes\xpeed\templates\tml-order-detail.php on line 196
[21-Nov-2024 04:04:34 UTC] PHP Deprecated:  Using ${var} in strings is deprecated, use {$var} instead in C:\xampp\htdocs\WEB-XPEED-BE\wp-content\plugins\mailpoet\lib\Util\Notices\DatabaseEngineNotice.php on line 100
[21-Nov-2024 04:04:36 UTC] PHP Deprecated:  Using ${var} in strings is deprecated, use {$var} instead in C:\xampp\htdocs\WEB-XPEED-BE\wp-content\plugins\mailpoet\lib\Util\Notices\DatabaseEngineNotice.php on line 100
[21-Nov-2024 04:04:39 UTC] PHP Deprecated:  Using ${var} in strings is deprecated, use {$var} instead in C:\xampp\htdocs\WEB-XPEED-BE\wp-content\plugins\mailpoet\lib\Util\Notices\DatabaseEngineNotice.php on line 100
[21-Nov-2024 04:04:41 UTC] PHP Deprecated:  Using ${var} in strings is deprecated, use {$var} instead in C:\xampp\htdocs\WEB-XPEED-BE\wp-content\plugins\mailpoet\lib\Util\Notices\DatabaseEngineNotice.php on line 100
[21-Nov-2024 04:04:50 UTC] PHP Deprecated:  Using ${var} in strings is deprecated, use {$var} instead in C:\xampp\htdocs\WEB-XPEED-BE\wp-content\plugins\mailpoet\lib\Util\Notices\DatabaseEngineNotice.php on line 100
[21-Nov-2024 04:04:52 UTC] PHP Deprecated:  Using ${var} in strings is deprecated, use {$var} instead in C:\xampp\htdocs\WEB-XPEED-BE\wp-content\plugins\mailpoet\lib\Util\Notices\DatabaseEngineNotice.php on line 100
[21-Nov-2024 04:04:52 UTC] PHP Warning:  Undefined array key "items_subtotal" in C:\xampp\htdocs\WEB-XPEED-BE\wp-content\themes\xpeed\templates\tml-order-detail.php on line 184
[21-Nov-2024 04:04:52 UTC] PHP Warning:  Undefined array key "fee_total" in C:\xampp\htdocs\WEB-XPEED-BE\wp-content\themes\xpeed\templates\tml-order-detail.php on line 196
[21-Nov-2024 04:04:53 UTC] PHP Deprecated:  Using ${var} in strings is deprecated, use {$var} instead in C:\xampp\htdocs\WEB-XPEED-BE\wp-content\plugins\mailpoet\lib\Util\Notices\DatabaseEngineNotice.php on line 100
[21-Nov-2024 04:04:54 UTC] PHP Deprecated:  Using ${var} in strings is deprecated, use {$var} instead in C:\xampp\htdocs\WEB-XPEED-BE\wp-content\plugins\mailpoet\lib\Util\Notices\DatabaseEngineNotice.php on line 100
[21-Nov-2024 04:04:56 UTC] PHP Deprecated:  Using ${var} in strings is deprecated, use {$var} instead in C:\xampp\htdocs\WEB-XPEED-BE\wp-content\plugins\mailpoet\lib\Util\Notices\DatabaseEngineNotice.php on line 100
[21-Nov-2024 04:04:58 UTC] PHP Notice:  session_start(): Ignoring session_start() because a session is already active in C:\xampp\htdocs\WEB-XPEED-BE\wp-content\themes\xpeed\header.php on line 2
[21-Nov-2024 04:05:42 UTC] PHP Deprecated:  Using ${var} in strings is deprecated, use {$var} instead in C:\xampp\htdocs\WEB-XPEED-BE\wp-content\plugins\mailpoet\lib\Util\Notices\DatabaseEngineNotice.php on line 100
[21-Nov-2024 04:05:45 UTC] PHP Deprecated:  Using ${var} in strings is deprecated, use {$var} instead in C:\xampp\htdocs\WEB-XPEED-BE\wp-content\plugins\mailpoet\lib\Util\Notices\DatabaseEngineNotice.php on line 100
[21-Nov-2024 04:05:45 UTC] PHP Deprecated:  Using ${var} in strings is deprecated, use {$var} instead in C:\xampp\htdocs\WEB-XPEED-BE\wp-content\plugins\mailpoet\lib\Util\Notices\DatabaseEngineNotice.php on line 100
[21-Nov-2024 04:05:46 UTC] PHP Deprecated:  Using ${var} in strings is deprecated, use {$var} instead in C:\xampp\htdocs\WEB-XPEED-BE\wp-content\plugins\mailpoet\lib\Util\Notices\DatabaseEngineNotice.php on line 100
[21-Nov-2024 04:05:46 UTC] PHP Deprecated:  Using ${var} in strings is deprecated, use {$var} instead in C:\xampp\htdocs\WEB-XPEED-BE\wp-content\plugins\mailpoet\lib\Util\Notices\DatabaseEngineNotice.php on line 100
[21-Nov-2024 04:05:46 UTC] PHP Deprecated:  Using ${var} in strings is deprecated, use {$var} instead in C:\xampp\htdocs\WEB-XPEED-BE\wp-content\plugins\mailpoet\lib\Util\Notices\DatabaseEngineNotice.php on line 100
[21-Nov-2024 04:05:46 UTC] PHP Deprecated:  Using ${var} in strings is deprecated, use {$var} instead in C:\xampp\htdocs\WEB-XPEED-BE\wp-content\plugins\mailpoet\lib\Util\Notices\DatabaseEngineNotice.php on line 100
[21-Nov-2024 04:05:48 UTC] PHP Deprecated:  Using ${var} in strings is deprecated, use {$var} instead in C:\xampp\htdocs\WEB-XPEED-BE\wp-content\plugins\mailpoet\lib\Util\Notices\DatabaseEngineNotice.php on line 100
[21-Nov-2024 04:05:48 UTC] PHP Deprecated:  Using ${var} in strings is deprecated, use {$var} instead in C:\xampp\htdocs\WEB-XPEED-BE\wp-content\plugins\mailpoet\lib\Util\Notices\DatabaseEngineNotice.php on line 100
[21-Nov-2024 04:05:49 UTC] PHP Deprecated:  Using ${var} in strings is deprecated, use {$var} instead in C:\xampp\htdocs\WEB-XPEED-BE\wp-content\plugins\mailpoet\lib\Util\Notices\DatabaseEngineNotice.php on line 100
[21-Nov-2024 04:05:51 UTC] PHP Deprecated:  Using ${var} in strings is deprecated, use {$var} instead in C:\xampp\htdocs\WEB-XPEED-BE\wp-content\plugins\mailpoet\lib\Util\Notices\DatabaseEngineNotice.php on line 100
[21-Nov-2024 04:05:53 UTC] PHP Deprecated:  Using ${var} in strings is deprecated, use {$var} instead in C:\xampp\htdocs\WEB-XPEED-BE\wp-content\plugins\mailpoet\lib\Util\Notices\DatabaseEngineNotice.php on line 100
[21-Nov-2024 04:05:57 UTC] PHP Deprecated:  Using ${var} in strings is deprecated, use {$var} instead in C:\xampp\htdocs\WEB-XPEED-BE\wp-content\plugins\mailpoet\lib\Util\Notices\DatabaseEngineNotice.php on line 100
[25-Nov-2024 17:30:16 UTC] PHP Deprecated:  Using ${var} in strings is deprecated, use {$var} instead in C:\xampp\htdocs\WEB-XPEED-BE\wp-content\plugins\mailpoet\lib\Util\Notices\DatabaseEngineNotice.php on line 100
[25-Nov-2024 17:30:39 UTC] PHP Deprecated:  Using ${var} in strings is deprecated, use {$var} instead in C:\xampp\htdocs\WEB-XPEED-BE\wp-content\plugins\mailpoet\lib\Util\Notices\DatabaseEngineNotice.php on line 100
[25-Nov-2024 17:30:58 UTC] PHP Deprecated:  Using ${var} in strings is deprecated, use {$var} instead in C:\xampp\htdocs\WEB-XPEED-BE\wp-content\plugins\mailpoet\lib\Util\Notices\DatabaseEngineNotice.php on line 100
[25-Nov-2024 17:31:01 UTC] PHP Deprecated:  Using ${var} in strings is deprecated, use {$var} instead in C:\xampp\htdocs\WEB-XPEED-BE\wp-content\plugins\mailpoet\lib\Util\Notices\DatabaseEngineNotice.php on line 100
[25-Nov-2024 17:31:03 UTC] PHP Deprecated:  Using ${var} in strings is deprecated, use {$var} instead in C:\xampp\htdocs\WEB-XPEED-BE\wp-content\plugins\mailpoet\lib\Util\Notices\DatabaseEngineNotice.php on line 100
[25-Nov-2024 17:31:03 UTC] PHP Deprecated:  Using ${var} in strings is deprecated, use {$var} instead in C:\xampp\htdocs\WEB-XPEED-BE\wp-content\plugins\mailpoet\lib\Util\Notices\DatabaseEngineNotice.php on line 100
[25-Nov-2024 17:31:05 UTC] PHP Deprecated:  Using ${var} in strings is deprecated, use {$var} instead in C:\xampp\htdocs\WEB-XPEED-BE\wp-content\plugins\mailpoet\lib\Util\Notices\DatabaseEngineNotice.php on line 100
