2024-08-27T16:52:31+00:00 DEBUG POST: https://ads.tiktok.com/marketing_api/api/developer/app/create_auto_approve/

{"business_platform":"PROD","smb_id":"tt4b_woocommerce_66ce044f314d0httplocalhostWEB-XPEED-BEwp-admin","smb_name":"PROD","redirect_url":"http:\/\/localhost\/WEB-XPEED-BE\/wp-admin\/"}
 ajax: no
2024-08-27T16:52:35+00:00 ERROR Tt4b_Mapi_Class::create_open_source_app: Response: 

http_request_failed: cURL error 35: OpenSSL/3.1.3: error:0A000119:SSL routines::decryption failed or bad record mac

2024-08-27T16:52:35+00:00 DEBUG Tt4b_Mapi_Class::create_open_source_app: Response: 

HTTP/1.1 200 OK
Content-Type: application/json
X-Tt-Logid: 20240827165235AA479614CAF3F711E78A,20240827165235AA479614CAF3F711E78A
Strict-Transport-Security: max-age=31536000; includeSubDomains
x-tt-trace-host: 011a9ad32bcf38d0c76f05df99533d7368c321be0fbbda81943ad924efc38bdb70568641359e82242a54e29c1785894ac801950675d6a9be5f58987f2d220e317c8eb2135c972e598124376d6a8dc8e705f62310d5f6c15654c30cc8a55d893bf20139eb6af0fbde4ed33b0f9d05cfce82
x-tt-trace-id: 00-240827165235AA479614CAF3F711E78A-7B7CEE9B455D63E7-00
Server: TLB
Content-Encoding: gzip
Content-Length: 218
X-Origin-Response-Time: 79,184.28.235.29
X-Akamai-Request-ID: 171c393b.2736f91
Date: Tue, 27 Aug 2024 16:52:36 GMT
X-Cache: TCP_MISS from a118-69-16-185.deploy.akamaitechnologies.com (AkamaiGHost/11.6.1.1-c253c574b3c2af32d59c15ea70b89e46) (-)
Connection: close
Vary: Accept-Encoding
X-Cache-Remote: TCP_MISS from a184-28-235-29.deploy.akamaitechnologies.com (AkamaiGHost/11.6.2.1-58447958) (-)
x-tt-trace-tag: id=16;cdn-cache=miss;type=dyn
Server-Timing: cdn-cache; desc=MISS, edge; dur=44, origin; dur=78
Server-Timing: inner; dur=71
X-Parent-Response-Time: 120,118.69.16.185

{"code":0,"msg":"ok","data":{"external_data_key":"3f07f993-e8c4-479b-a925-70fe6428f15c","app_secret":"d15731357967193d5f31b1a2f0dc8547b8bc82d8","app_id":"7407863198048124936","redirect_uri":"http:\/\/localhost\/WEB-XPEED-BE\/wp-admin\/"}}

